[03:34:19] [ServerMain/INFO]: [bootstrap] Running Java 21 (OpenJDK 64-Bit Server VM 21.0.5+11-Ubuntu-1ubuntu120.04; Ubuntu null) on Linux 6.5.0-1025-azure (amd64)
[03:34:19] [ServerMain/INFO]: [bootstrap] Loading Paper 1.21.1-57-master@b483da4 (2024-09-01T18:09:05Z) for Minecraft 1.21.1
[03:34:19] [ServerMain/INFO]: [PluginInitializerManager] Initializing plugins...
[03:34:19] [Paper Plugin Remapper Thread - 2/INFO]: [PluginRemapper] Remapping plugin 'plugins/SkinsRestorer.jar'...
[03:34:23] [Paper Plugin Remapper Thread - 2/INFO]: [PluginRemapper] Done remapping plugin 'plugins/SkinsRestorer.jar' in 3544ms.
[03:34:23] [ServerMain/INFO]: [PluginInitializerManager] Initialized 2 plugins
[03:34:23] [ServerMain/INFO]: [PluginInitializerManager] Bukkit plugins (2):
 - Chunky (1.4.28), SkinsRestorer (15.5.1)
[03:34:31] [ServerMain/INFO]: Environment: Environment[sessionHost=https://sessionserver.mojang.com, servicesHost=https://api.minecraftservices.com, name=PROD]
[03:34:33] [ServerMain/INFO]: Loaded 1290 recipes
[03:34:34] [ServerMain/INFO]: Loaded 1399 advancements
[03:34:34] [Server thread/INFO]: Starting minecraft server version 1.21.1
[03:34:34] [Server thread/INFO]: Loading properties
[03:34:34] [Server thread/INFO]: This server is running Paper version 1.21.1-57-master@b483da4 (2024-09-01T18:09:05Z) (Implementing API version 1.21.1-R0.1-SNAPSHOT)
[03:34:35] [Server thread/INFO]: [spark] This server bundles the spark profiler. For more information please visit https://docs.papermc.io/paper/profiling
[03:34:35] [Server thread/INFO]: Server Ping Player Sample Count: 12
[03:34:35] [Server thread/INFO]: Using 4 threads for Netty based IO
[03:34:36] [Server thread/INFO]: [ChunkTaskScheduler] Chunk system is using 1 I/O threads, 1 worker threads, and population gen parallelism of 1 threads
[03:34:37] [Server thread/INFO]: Default game type: SURVIVAL
[03:34:37] [Server thread/INFO]: Generating keypair
[03:34:37] [Server thread/INFO]: Starting Minecraft server on *:25565
[03:34:37] [Server thread/INFO]: Using epoll channel type
[03:34:37] [Server thread/INFO]: Paper: Using libdeflate (Linux x86_64) compression from Velocity.
[03:34:37] [Server thread/INFO]: Paper: Using OpenSSL 1.1.x (Linux x86_64) cipher from Velocity.
[03:34:37] [Server thread/INFO]: [SkinsRestorer] Loading server plugin SkinsRestorer v15.5.1
[03:34:37] [Server thread/INFO]: [Chunky] Loading server plugin Chunky v1.4.28
[03:34:37] [Server thread/INFO]: Server permissions file permissions.yml is empty, ignoring it
[03:34:37] [Server thread/INFO]: [SkinsRestorer] Enabling SkinsRestorer v15.5.1
[03:34:39] [Server thread/WARN]: [SkinsRestorer] You must agree to the rules at 'commands.perSkinPermissionsConsent' in the config to use per skin permissions.
[03:34:41] [Server thread/INFO]: [SkinsRestorer] Running on Minecraft 1.21.1.
[03:34:43] [Server thread/INFO]: [SkinsRestorer] Using paper join listener!
[03:34:43] [Server thread/WARN]: **** SERVER IS RUNNING IN OFFLINE/INSECURE MODE!
[03:34:43] [Server thread/WARN]: The server will make no attempt to authenticate usernames. Beware.
[03:34:43] [Server thread/WARN]: While this makes the game possible to play without internet access, it also opens up the ability for hackers to connect with any username they choose.
[03:34:43] [Server thread/WARN]: To change this, set "online-mode" to "true" in the server.properties file.
[03:34:43] [Server thread/INFO]: Preparing level "world"
[03:34:43] [Folia Async Scheduler Thread #1/INFO]: [SkinsRestorer] ----------------------------------------------
[03:34:43] [Folia Async Scheduler Thread #1/INFO]: [SkinsRestorer]     +==================+
[03:34:43] [Folia Async Scheduler Thread #1/INFO]: [SkinsRestorer]     |   SkinsRestorer  |
[03:34:43] [Folia Async Scheduler Thread #1/INFO]: [SkinsRestorer]     |------------------|
[03:34:43] [Folia Async Scheduler Thread #1/INFO]: [SkinsRestorer]     |  Standalone Mode |
[03:34:43] [Folia Async Scheduler Thread #1/INFO]: [SkinsRestorer]     +==================+
[03:34:43] [Folia Async Scheduler Thread #1/INFO]: [SkinsRestorer] ----------------------------------------------
[03:34:43] [Folia Async Scheduler Thread #1/INFO]: [SkinsRestorer]     Version: 15.5.1
[03:34:43] [Folia Async Scheduler Thread #1/INFO]: [SkinsRestorer]     Commit: d5d8613
[03:34:43] [Folia Async Scheduler Thread #1/INFO]: [SkinsRestorer]     This is the latest version!
[03:34:43] [Folia Async Scheduler Thread #1/INFO]: [SkinsRestorer] ----------------------------------------------
[03:34:43] [Folia Async Scheduler Thread #1/INFO]: [SkinsRestorer] Do you have issues? Read our troubleshooting guide: https://skinsrestorer.net/docs/troubleshooting
[03:34:43] [Folia Async Scheduler Thread #1/INFO]: [SkinsRestorer] Want to support SkinsRestorer? Consider donating: https://skinsrestorer.net/donate
[03:34:44] [Server thread/INFO]: Preparing start region for dimension minecraft:overworld
[03:34:46] [Server thread/INFO]: Time elapsed: 2266 ms
[03:34:46] [Server thread/INFO]: Preparing start region for dimension minecraft:the_nether
[03:34:46] [Server thread/INFO]: Time elapsed: 451 ms
[03:34:46] [Server thread/INFO]: Preparing start region for dimension minecraft:the_end
[03:34:47] [Server thread/INFO]: Time elapsed: 272 ms
[03:34:47] [Server thread/INFO]: [Chunky] Enabling Chunky v1.4.28
[03:34:47] [Server thread/INFO]: [spark] Starting background profiler...
[03:34:48] [Server thread/INFO]: Done preparing level "world" (4.962s)
[03:34:48] [Server thread/INFO]: Running delayed init tasks
[03:34:48] [Server thread/INFO]: Done (30.812s)! For help, type "help"
[03:34:48] [Server thread/INFO]: Timings Reset
[03:34:56] [User Authenticator #0/INFO]: UUID of player SCAPT0R is bd7aa62b-13d5-3e3c-8185-97b35609333c
[03:34:58] [Server thread/INFO]: SCAPT0R joined the game
[03:34:58] [Server thread/INFO]: SCAPT0R[/127.180.183.78:55891] logged in with entity id 29 at ([world]201.18457141863584, 109.0, 2.908560664139826)
[03:35:55] [Server thread/INFO]: Made SCAPT0R a server operator
[03:36:10] [Server thread/INFO]: SCAPT0R issued server command: /chunky center 0 0
[03:36:17] [Server thread/INFO]: SCAPT0R issued server command: /chunky radius 100
[03:36:23] [Server thread/INFO]: SCAPT0R issued server command: /chunky confirm
[03:36:26] [Server thread/INFO]: SCAPT0R issued server command: /chunky start
[03:36:26] [Thread-169/INFO]: [Chunky] Task running for world. Processed: 121 chunks (53.78%), ETA: 0:00:00, Rate: 1120.4 cps, Current: -3, -1
[03:36:26] [Thread-239/INFO]: [Chunky] Task finished for world. Processed: 225 chunks (100.00%), Total time: 0:00:00
[03:36:55] [Server thread/INFO]: SCAPT0R has made the advancement [Monster Hunter]
[03:37:07] [Server thread/INFO]: SCAPT0R issued server command: /spark tps
[03:37:37] [Server thread/INFO]: SCAPT0R issued server command: /gamerule spawnChunkRadius 0
[03:37:37] [Server thread/INFO]: [SCAPT0R: Gamerule spawnChunkRadius is now set to: 0]
[03:40:18] [Server thread/INFO]: SCAPT0R issued server command: /chunky radius 600
[03:40:20] [Server thread/INFO]: SCAPT0R issued server command: /chunky start
[03:40:22] [Server thread/INFO]: [Chunky] Task running for world. Processed: 257 chunks (4.33%), ETA: 0:00:57, Rate: 98.8 cps, Current: 0, 16
[03:40:24] [Server thread/INFO]: [Chunky] Task running for world. Processed: 268 chunks (4.52%), ETA: 0:01:43, Rate: 54.8 cps, Current: 1, 17
[03:40:25] [Server thread/INFO]: [Chunky] Task running for world. Processed: 283 chunks (4.77%), ETA: 0:02:03, Rate: 45.8 cps, Current: 7, 17
[03:40:26] [Server thread/INFO]: [Chunky] Task running for world. Processed: 298 chunks (5.03%), ETA: 0:02:24, Rate: 39.0 cps, Current: 1, 19
[03:40:27] [Server thread/INFO]: SCAPT0R issued server command: /spark tps
[03:40:28] [Server thread/INFO]: [Chunky] Task running for world. Processed: 303 chunks (5.11%), ETA: 0:02:48, Rate: 33.4 cps, Current: 1, 20
[03:40:29] [Server thread/INFO]: [Chunky] Task running for world. Processed: 319 chunks (5.38%), ETA: 0:03:05, Rate: 30.2 cps, Current: 0, 20
[03:40:30] [Server thread/INFO]: [Chunky] Task running for world. Processed: 325 chunks (5.48%), ETA: 0:03:26, Rate: 27.1 cps, Current: 0, 22
[03:40:31] [Server thread/INFO]: [Chunky] Task running for world. Processed: 350 chunks (5.90%), ETA: 0:03:28, Rate: 26.8 cps, Current: 0, 26
[03:40:32] [Server thread/INFO]: [Chunky] Task running for world. Processed: 357 chunks (6.02%), ETA: 0:03:45, Rate: 24.8 cps, Current: 0, 27
[03:40:34] [Server thread/INFO]: [Chunky] Task running for world. Processed: 361 chunks (6.09%), ETA: 0:04:08, Rate: 22.4 cps, Current: 6, 25
[03:40:35] [Server thread/INFO]: [Chunky] Task running for world. Processed: 380 chunks (6.41%), ETA: 0:04:11, Rate: 22.1 cps, Current: 8, 25
[03:40:36] [Server thread/INFO]: [Chunky] Task running for world. Processed: 391 chunks (6.59%), ETA: 0:04:19, Rate: 21.3 cps, Current: 9, 24
[03:40:37] [Server thread/INFO]: [Chunky] Task running for world. Processed: 402 chunks (6.78%), ETA: 0:04:33, Rate: 20.2 cps, Current: 10, 29
[03:40:38] [Server thread/INFO]: [Chunky] Task running for world. Processed: 420 chunks (7.08%), ETA: 0:04:39, Rate: 19.7 cps, Current: 12, 25
[03:40:40] [Server thread/INFO]: [Chunky] Task running for world. Processed: 433 chunks (7.30%), ETA: 0:04:44, Rate: 19.3 cps, Current: 13, 23
[03:40:41] [Server thread/INFO]: [Chunky] Task running for world. Processed: 463 chunks (7.81%), ETA: 0:04:41, Rate: 19.4 cps, Current: 14, 22
[03:40:42] [Server thread/INFO]: [Chunky] Task running for world. Processed: 505 chunks (8.52%), ETA: 0:04:26, Rate: 20.3 cps, Current: 14, 17
[03:40:43] [Server thread/INFO]: [Chunky] Task running for world. Processed: 515 chunks (8.69%), ETA: 0:04:33, Rate: 19.8 cps, Current: 16, 17
[03:40:44] [Server thread/INFO]: [Chunky] Task running for world. Processed: 518 chunks (8.74%), ETA: 0:04:45, Rate: 18.9 cps, Current: 18, 16
[03:40:45] [Server thread/INFO]: [Chunky] Task running for world. Processed: 541 chunks (9.12%), ETA: 0:04:42, Rate: 19.1 cps, Current: 19, 20
[03:40:46] [Server thread/INFO]: [Chunky] Task running for world. Processed: 554 chunks (9.34%), ETA: 0:04:46, Rate: 18.8 cps, Current: 22, 18
[03:40:47] [Server thread/INFO]: SCAPT0R issued server command: /chunky progress
[03:40:48] [Server thread/INFO]: [Chunky] Task running for world. Processed: 566 chunks (9.55%), ETA: 0:04:50, Rate: 18.5 cps, Current: 19, 22
[03:40:49] [Server thread/INFO]: [Chunky] Task running for world. Processed: 580 chunks (9.78%), ETA: 0:04:53, Rate: 18.2 cps, Current: 23, 19
[03:40:50] [Server thread/INFO]: [Chunky] Task running for world. Processed: 586 chunks (9.88%), ETA: 0:05:02, Rate: 17.7 cps, Current: 19, 23
[03:40:51] [Server thread/INFO]: [Chunky] Task running for world. Processed: 601 chunks (10.14%), ETA: 0:07:21, Rate: 12.1 cps, Current: 20, 24
[03:40:52] [Server thread/INFO]: [Chunky] Task running for world. Processed: 618 chunks (10.42%), ETA: 0:07:09, Rate: 12.4 cps, Current: 19, 30
[03:40:54] [Server thread/INFO]: [Chunky] Task running for world. Processed: 623 chunks (10.51%), ETA: 0:07:20, Rate: 12.0 cps, Current: 22, 25
[03:40:55] [Server thread/INFO]: [Chunky] Task running for world. Processed: 643 chunks (10.84%), ETA: 0:07:20, Rate: 12.0 cps, Current: 25, 26
[03:40:56] [Server thread/INFO]: [Chunky] Task running for world. Processed: 658 chunks (11.10%), ETA: 0:07:16, Rate: 12.1 cps, Current: 24, 30
[03:40:58] [Server thread/INFO]: [Chunky] Task running for world. Processed: 666 chunks (11.23%), ETA: 0:07:13, Rate: 12.2 cps, Current: 27, 26
[03:40:59] [Server thread/INFO]: [Chunky] Task running for world. Processed: 675 chunks (11.38%), ETA: 0:07:18, Rate: 12.0 cps, Current: 28, 26
[03:41:00] [Server thread/INFO]: [Chunky] Task running for world. Processed: 687 chunks (11.59%), ETA: 0:07:30, Rate: 11.6 cps, Current: 29, 24
[03:41:01] [Server thread/INFO]: [Chunky] Task running for world. Processed: 711 chunks (11.99%), ETA: 0:07:04, Rate: 12.3 cps, Current: 30, 26
[03:41:02] [Server thread/INFO]: [Chunky] Task running for world. Processed: 739 chunks (12.46%), ETA: 0:06:31, Rate: 13.3 cps, Current: 27, 20
[03:41:03] [Server thread/INFO]: [Chunky] Task running for world. Processed: 751 chunks (12.67%), ETA: 0:06:33, Rate: 13.2 cps, Current: 27, 16
[03:41:04] [Server thread/INFO]: [Chunky] Task running for world. Processed: 944 chunks (15.92%), ETA: 0:04:21, Rate: 19.0 cps, Current: 27, 12
[03:41:06] [Server thread/INFO]: [Chunky] Task running for world. Processed: 954 chunks (16.09%), ETA: 0:04:22, Rate: 19.0 cps, Current: 29, 11
[03:41:07] [Server thread/INFO]: [Chunky] Task running for world. Processed: 977 chunks (16.48%), ETA: 0:04:16, Rate: 19.3 cps, Current: 28, 8
[03:41:08] [Server thread/INFO]: [Chunky] Task running for world. Processed: 983 chunks (16.58%), ETA: 0:04:19, Rate: 19.0 cps, Current: 31, 17
[03:41:09] [Server thread/INFO]: [Chunky] Task running for world. Processed: 1001 chunks (16.88%), ETA: 0:04:16, Rate: 19.2 cps, Current: 29, 3
[03:41:11] [Server thread/INFO]: [Chunky] Task running for world. Processed: 1012 chunks (17.07%), ETA: 0:04:25, Rate: 18.5 cps, Current: 30, 2
[03:41:12] [Server thread/INFO]: [Chunky] Task running for world. Processed: 1033 chunks (17.42%), ETA: 0:04:33, Rate: 17.9 cps, Current: 32, 9
[03:41:13] [Server thread/INFO]: [Chunky] Task running for world. Processed: 1048 chunks (17.68%), ETA: 0:04:31, Rate: 18.0 cps, Current: 30, 0
[03:41:14] [Server thread/INFO]: [Chunky] Task running for world. Processed: 1071 chunks (18.06%), ETA: 0:04:20, Rate: 18.7 cps, Current: 33, 8
[03:41:16] [Server thread/INFO]: [Chunky] Task running for world. Processed: 1084 chunks (18.28%), ETA: 0:04:26, Rate: 18.2 cps, Current: 33, 4
[03:41:17] [Server thread/INFO]: [Chunky] Task running for world. Processed: 1117 chunks (18.84%), ETA: 0:04:18, Rate: 18.6 cps, Current: 34, 3
[03:41:18] [Server thread/INFO]: [Chunky] Task running for world. Processed: 1123 chunks (18.94%), ETA: 0:04:20, Rate: 18.4 cps, Current: 35, 12
[03:41:19] [Server thread/INFO]: [Chunky] Task running for world. Processed: 1150 chunks (19.40%), ETA: 0:04:09, Rate: 19.1 cps, Current: 35, 2
[03:41:21] [Server thread/INFO]: [Chunky] Task running for world. Processed: 1153 chunks (19.45%), ETA: 0:04:17, Rate: 18.6 cps, Current: 36, 9
[03:41:22] [Server thread/INFO]: [Chunky] Task running for world. Processed: 1185 chunks (19.99%), ETA: 0:04:10, Rate: 18.9 cps, Current: 37, 10
[03:41:24] [Server thread/INFO]: [Chunky] Task running for world. Processed: 1214 chunks (20.48%), ETA: 0:03:57, Rate: 19.8 cps, Current: 37, 0
[03:41:25] [Server thread/INFO]: [Chunky] Task running for world. Processed: 1225 chunks (20.66%), ETA: 0:04:00, Rate: 19.5 cps, Current: 38, 6
[03:41:30] [Server thread/INFO]: [Chunky] Task running for world. Processed: 1249 chunks (21.07%), ETA: 0:04:13, Rate: 18.5 cps, Current: 32, -1
[03:41:35] [Server thread/INFO]: [Chunky] Task running for world. Processed: 1250 chunks (21.08%), ETA: 0:07:41, Rate: 10.1 cps, Current: 32, -2
[03:41:36] [Server thread/INFO]: [Chunky] Task running for world. Processed: 1251 chunks (21.10%), ETA: 0:08:17, Rate: 9.4 cps, Current: 32, -11
[03:41:38] [Server thread/INFO]: [Chunky] Task running for world. Processed: 1281 chunks (21.61%), ETA: 0:07:43, Rate: 10.0 cps, Current: 33, -28
[03:41:41] [Server thread/INFO]: [Chunky] Task running for world. Processed: 1313 chunks (22.15%), ETA: 0:08:02, Rate: 9.6 cps, Current: 34, -28
[03:41:43] [Server thread/INFO]: [Chunky] Task running for world. Processed: 1345 chunks (22.69%), ETA: 0:07:37, Rate: 10.0 cps, Current: 35, -28
[03:41:45] [Server thread/INFO]: [Chunky] Task running for world. Processed: 1377 chunks (23.22%), ETA: 0:07:29, Rate: 10.1 cps, Current: 36, -28
[03:41:47] [Server thread/INFO]: [Chunky] Task running for world. Processed: 1409 chunks (23.76%), ETA: 0:07:38, Rate: 9.9 cps, Current: 37, -28
[03:41:49] [Server thread/INFO]: [Chunky] Task running for world. Processed: 1441 chunks (24.30%), ETA: 0:07:36, Rate: 9.8 cps, Current: 38, -28
[03:41:50] [Server thread/INFO]: [Chunky] Task running for world. Processed: 1468 chunks (24.76%), ETA: 0:06:57, Rate: 10.7 cps, Current: 38, -9
[03:41:55] [Server thread/INFO]: [Chunky] Task running for world. Processed: 1473 chunks (24.84%), ETA: 0:08:17, Rate: 9.0 cps, Current: 2, -27
[03:41:57] [Server thread/INFO]: [Chunky] Task running for world. Processed: 1485 chunks (25.05%), ETA: 0:08:12, Rate: 9.0 cps, Current: 1, -28
[03:41:58] [Server thread/INFO]: [Chunky] Task running for world. Processed: 1494 chunks (25.20%), ETA: 0:08:22, Rate: 8.8 cps, Current: 6, -26
[03:41:59] [Server thread/INFO]: [Chunky] Task running for world. Processed: 1516 chunks (25.57%), ETA: 0:07:56, Rate: 9.3 cps, Current: 6, -25
[03:42:01] [Server thread/INFO]: [Chunky] Task running for world. Processed: 1523 chunks (25.69%), ETA: 0:06:56, Rate: 10.6 cps, Current: 7, -30
[03:42:02] [Server thread/INFO]: [Chunky] Task running for world. Processed: 1529 chunks (25.79%), ETA: 0:07:03, Rate: 10.4 cps, Current: 4, -31
[03:42:04] [Server thread/INFO]: [Chunky] Task running for world. Processed: 1538 chunks (25.94%), ETA: 0:07:20, Rate: 10.0 cps, Current: 9, -31
[03:42:05] [Server thread/INFO]: [Chunky] Task running for world. Processed: 1547 chunks (26.09%), ETA: 0:07:06, Rate: 10.3 cps, Current: 8, -28
[03:42:06] [Server thread/INFO]: [Chunky] Task running for world. Processed: 1574 chunks (26.55%), ETA: 0:06:42, Rate: 10.8 cps, Current: 13, -26
[03:42:07] [Server thread/INFO]: [Chunky] Task running for world. Processed: 1582 chunks (26.68%), ETA: 0:07:04, Rate: 10.2 cps, Current: 8, -25
[03:42:09] [Server thread/INFO]: [Chunky] Task running for world. Processed: 1598 chunks (26.95%), ETA: 0:07:03, Rate: 10.2 cps, Current: 14, -25
[03:42:10] [Server thread/INFO]: [Chunky] Task running for world. Processed: 1608 chunks (27.12%), ETA: 0:07:07, Rate: 10.1 cps, Current: 10, -23
[03:42:12] [Server thread/INFO]: [Chunky] Task running for world. Processed: 1616 chunks (27.26%), ETA: 0:07:41, Rate: 9.3 cps, Current: 11, -22
[03:42:13] [Server thread/INFO]: [Chunky] Task running for world. Processed: 1660 chunks (28.00%), ETA: 0:07:00, Rate: 10.1 cps, Current: 15, -21
[03:42:14] [Server thread/INFO]: [Chunky] Task running for world. Processed: 1695 chunks (28.59%), ETA: 0:06:26, Rate: 10.9 cps, Current: 5, -17
[03:42:15] [Server thread/INFO]: [Chunky] Task running for world. Processed: 2104 chunks (35.49%), ETA: 0:02:47, Rate: 22.8 cps, Current: 1, -23
[03:42:16] [Server thread/INFO]: [Chunky] Task running for world. Processed: 2115 chunks (35.67%), ETA: 0:02:50, Rate: 22.3 cps, Current: 0, -17
[03:42:17] [Server thread/INFO]: [Chunky] Task running for world. Processed: 2134 chunks (35.99%), ETA: 0:02:47, Rate: 22.7 cps, Current: 18, -16
[03:42:19] [Server thread/INFO]: [Chunky] Task running for world. Processed: 2211 chunks (37.29%), ETA: 0:02:33, Rate: 24.3 cps, Current: 26, -13
[03:42:20] [Server thread/INFO]: [Chunky] Task running for world. Processed: 2227 chunks (37.56%), ETA: 0:02:34, Rate: 23.9 cps, Current: 25, -15
[03:42:21] [Server thread/INFO]: [Chunky] Task running for world. Processed: 2255 chunks (38.03%), ETA: 0:02:08, Rate: 28.6 cps, Current: 30, -22
[03:42:22] [Server thread/INFO]: [Chunky] Task running for world. Processed: 2261 chunks (38.13%), ETA: 0:02:12, Rate: 27.7 cps, Current: 28, -17
[03:42:23] [Server thread/INFO]: [Chunky] Task running for world. Processed: 2285 chunks (38.54%), ETA: 0:02:12, Rate: 27.5 cps, Current: 22, -17
[03:42:24] [Server thread/INFO]: [Chunky] Task running for world. Processed: 2297 chunks (38.74%), ETA: 0:02:14, Rate: 27.0 cps, Current: 27, -23
[03:42:25] [Server thread/INFO]: [Chunky] Task running for world. Processed: 2319 chunks (39.11%), ETA: 0:02:15, Rate: 26.6 cps, Current: 17, -19
[03:42:26] [Server thread/INFO]: [Chunky] Task running for world. Processed: 2347 chunks (39.59%), ETA: 0:02:11, Rate: 27.2 cps, Current: 19, -22
[03:42:27] [Server thread/INFO]: [Chunky] Task running for world. Processed: 2369 chunks (39.96%), ETA: 0:02:06, Rate: 28.1 cps, Current: 22, -25
[03:42:28] [Server thread/INFO]: [Chunky] Task running for world. Processed: 2393 chunks (40.36%), ETA: 0:02:05, Rate: 28.1 cps, Current: 18, -27
[03:42:29] [Server thread/INFO]: [Chunky] Task running for world. Processed: 2410 chunks (40.65%), ETA: 0:02:01, Rate: 28.9 cps, Current: 17, -31
[03:42:31] [Server thread/INFO]: [Chunky] Task running for world. Processed: 2426 chunks (40.92%), ETA: 0:02:00, Rate: 29.0 cps, Current: 19, -31
[03:42:32] [Server thread/INFO]: [Chunky] Task running for world. Processed: 2455 chunks (41.41%), ETA: 0:01:59, Rate: 29.0 cps, Current: 26, -30
[03:42:33] [Server thread/INFO]: [Chunky] Task running for world. Processed: 2482 chunks (41.86%), ETA: 0:01:52, Rate: 30.6 cps, Current: 27, -31
[03:42:34] [Server thread/INFO]: [Chunky] Task running for world. Processed: 2490 chunks (42.00%), ETA: 0:01:52, Rate: 30.6 cps, Current: 25, -32
[03:42:38] [Server thread/INFO]: [Chunky] Task running for world. Processed: 2497 chunks (42.12%), ETA: 0:01:58, Rate: 28.9 cps, Current: -30, -27
[03:42:40] [Server thread/INFO]: [Chunky] Task running for world. Processed: 2515 chunks (42.42%), ETA: 0:01:57, Rate: 28.9 cps, Current: -29, -26
[03:42:41] [Server thread/INFO]: [Chunky] Task running for world. Processed: 2532 chunks (42.71%), ETA: 0:01:56, Rate: 29.2 cps, Current: -32, -30
[03:42:43] [Server thread/INFO]: [Chunky] Task running for world. Processed: 2544 chunks (42.91%), ETA: 0:02:02, Rate: 27.6 cps, Current: -28, -25
[03:42:45] [Server thread/INFO]: [Chunky] Task running for world. Processed: 2554 chunks (43.08%), ETA: 0:03:43, Rate: 15.1 cps, Current: -28, -32
[03:42:46] [Server thread/INFO]: [Chunky] Task running for world. Processed: 2555 chunks (43.09%), ETA: 0:03:49, Rate: 14.7 cps, Current: -27, -31
[03:42:48] [Server thread/INFO]: [Chunky] Task running for world. Processed: 2559 chunks (43.16%), ETA: 0:04:43, Rate: 11.9 cps, Current: -24, -30
[03:42:50] [Server thread/INFO]: [Chunky] Task running for world. Processed: 2567 chunks (43.30%), ETA: 0:05:10, Rate: 10.8 cps, Current: -23, -29
[03:42:51] [Server thread/INFO]: [Chunky] Task running for world. Processed: 2574 chunks (43.41%), ETA: 0:05:14, Rate: 10.7 cps, Current: -25, -32
[03:42:52] [Server thread/INFO]: [Chunky] Task running for world. Processed: 2598 chunks (43.82%), ETA: 0:04:55, Rate: 11.3 cps, Current: -18, -27
[03:42:53] [Server thread/INFO]: [Chunky] Task running for world. Processed: 2606 chunks (43.95%), ETA: 0:05:11, Rate: 10.7 cps, Current: -21, -32
[03:42:54] [Server thread/INFO]: [Chunky] Task running for world. Processed: 2612 chunks (44.05%), ETA: 0:05:28, Rate: 10.1 cps, Current: -17, -32
[03:42:55] [Server thread/INFO]: [Chunky] Task running for world. Processed: 2635 chunks (44.44%), ETA: 0:05:31, Rate: 9.9 cps, Current: -19, -23
[03:42:57] [Server thread/INFO]: [Chunky] Task running for world. Processed: 2639 chunks (44.51%), ETA: 0:05:54, Rate: 9.3 cps, Current: -21, -22
[03:42:58] [Server thread/INFO]: [Chunky] Task running for world. Processed: 2653 chunks (44.75%), ETA: 0:06:06, Rate: 8.9 cps, Current: -17, -23
[03:42:59] [Server thread/INFO]: [Chunky] Task running for world. Processed: 2668 chunks (45.00%), ETA: 0:06:09, Rate: 8.8 cps, Current: -22, -19
[03:43:00] [Server thread/INFO]: [Chunky] Task running for world. Processed: 2685 chunks (45.29%), ETA: 0:06:04, Rate: 8.9 cps, Current: -22, -18
[03:43:01] [Server thread/INFO]: [Chunky] Task running for world. Processed: 2706 chunks (45.64%), ETA: 0:06:13, Rate: 8.6 cps, Current: -20, -17
[03:43:02] [Server thread/INFO]: [Chunky] Task running for world. Processed: 2723 chunks (45.93%), ETA: 0:06:30, Rate: 8.2 cps, Current: -26, -17
[03:43:03] [Server thread/INFO]: [Chunky] Task running for world. Processed: 2742 chunks (46.25%), ETA: 0:06:06, Rate: 8.7 cps, Current: -30, -16
[03:43:04] [Server thread/INFO]: [Chunky] Task running for world. Processed: 2758 chunks (46.52%), ETA: 0:05:18, Rate: 9.9 cps, Current: -32, -21
[03:43:06] [Server thread/INFO]: [Chunky] Task running for world. Processed: 2769 chunks (46.70%), ETA: 0:05:19, Rate: 9.9 cps, Current: -26, -14
[03:43:07] [Server thread/INFO]: [Chunky] Task running for world. Processed: 2778 chunks (46.85%), ETA: 0:05:20, Rate: 9.8 cps, Current: -26, -13
[03:43:09] [Server thread/INFO]: [Chunky] Task running for world. Processed: 2789 chunks (47.04%), ETA: 0:05:31, Rate: 9.5 cps, Current: -29, -11
[03:43:10] [Server thread/INFO]: [Chunky] Task running for world. Processed: 2802 chunks (47.26%), ETA: 0:05:32, Rate: 9.4 cps, Current: -32, -12
[03:43:11] [Server thread/INFO]: [Chunky] Task running for world. Processed: 2807 chunks (47.34%), ETA: 0:05:36, Rate: 9.3 cps, Current: -25, -10
[03:43:13] [Server thread/INFO]: [Chunky] Task running for world. Processed: 2821 chunks (47.58%), ETA: 0:05:33, Rate: 9.3 cps, Current: -29, -8
[03:43:14] [Server thread/INFO]: [Chunky] Task running for world. Processed: 2846 chunks (48.00%), ETA: 0:05:03, Rate: 10.2 cps, Current: -27, -7
[03:43:15] [Server thread/INFO]: [Chunky] Task running for world. Processed: 2856 chunks (48.17%), ETA: 0:04:55, Rate: 10.4 cps, Current: -32, -3
[03:43:16] [Server thread/INFO]: [Chunky] Task running for world. Processed: 2865 chunks (48.32%), ETA: 0:04:42, Rate: 10.9 cps, Current: -27, -2
[03:43:18] [Server thread/INFO]: [Chunky] Task running for world. Processed: 2878 chunks (48.54%), ETA: 0:04:43, Rate: 10.8 cps, Current: -25, -3
[03:43:19] [Server thread/INFO]: [Chunky] Task running for world. Processed: 2885 chunks (48.66%), ETA: 0:04:38, Rate: 10.9 cps, Current: -27, -1
[03:43:20] [Server thread/INFO]: [Chunky] Task running for world. Processed: 2898 chunks (48.88%), ETA: 0:04:32, Rate: 11.1 cps, Current: -24, -2
[03:43:21] [Server thread/INFO]: [Chunky] Task running for world. Processed: 2906 chunks (49.01%), ETA: 0:04:48, Rate: 10.5 cps, Current: -21, -5
[03:43:23] [Server thread/INFO]: [Chunky] Task running for world. Processed: 2920 chunks (49.25%), ETA: 0:04:41, Rate: 10.7 cps, Current: -20, -7
[03:43:24] [Server thread/INFO]: [Chunky] Task running for world. Processed: 2931 chunks (49.43%), ETA: 0:04:34, Rate: 10.9 cps, Current: -20, -1
[03:43:25] [Server thread/INFO]: [Chunky] Task running for world. Processed: 2964 chunks (49.99%), ETA: 0:04:25, Rate: 11.2 cps, Current: -17, -4
[03:43:26] [Server thread/INFO]: [Chunky] Task running for world. Processed: 3001 chunks (50.62%), ETA: 0:03:55, Rate: 12.4 cps, Current: -17, -16
[03:43:28] [Server thread/INFO]: [Chunky] Task running for world. Processed: 3010 chunks (50.77%), ETA: 0:04:03, Rate: 12.0 cps, Current: -16, -15
[03:43:29] [Server thread/INFO]: [Chunky] Task running for world. Processed: 3011 chunks (50.78%), ETA: 0:04:13, Rate: 11.5 cps, Current: -16, -14
[03:43:30] [Server thread/INFO]: [Chunky] Task running for world. Processed: 3049 chunks (51.43%), ETA: 0:04:03, Rate: 11.8 cps, Current: -13, -15
[03:43:31] [Server thread/INFO]: [Chunky] Task running for world. Processed: 3221 chunks (54.33%), ETA: 0:02:53, Rate: 15.6 cps, Current: -6, -9
[03:43:32] [Server thread/INFO]: [Chunky] Task running for world. Processed: 3257 chunks (54.93%), ETA: 0:02:46, Rate: 16.0 cps, Current: -8, -16
[03:43:34] [Server thread/INFO]: [Chunky] Task running for world. Processed: 3276 chunks (55.25%), ETA: 0:02:46, Rate: 15.9 cps, Current: -3, -17
[03:43:35] [Server thread/INFO]: [Chunky] Task running for world. Processed: 3294 chunks (55.56%), ETA: 0:02:42, Rate: 16.2 cps, Current: -6, -17
[03:43:36] [Server thread/INFO]: [Chunky] Task running for world. Processed: 3313 chunks (55.88%), ETA: 0:02:39, Rate: 16.4 cps, Current: -4, -23
[03:43:37] [Server thread/INFO]: [Chunky] Task running for world. Processed: 3341 chunks (56.35%), ETA: 0:02:27, Rate: 17.6 cps, Current: -11, -19
[03:43:39] [Server thread/INFO]: [Chunky] Task running for world. Processed: 3379 chunks (56.99%), ETA: 0:02:21, Rate: 18.1 cps, Current: -9, -23
[03:43:40] [Server thread/INFO]: [Chunky] Task running for world. Processed: 3401 chunks (57.36%), ETA: 0:02:17, Rate: 18.5 cps, Current: -9, -25
[03:43:41] [Server thread/INFO]: [Chunky] Task running for world. Processed: 3420 chunks (57.68%), ETA: 0:02:11, Rate: 19.1 cps, Current: -12, -27
[03:43:42] [Server thread/INFO]: [Chunky] Task running for world. Processed: 3434 chunks (57.92%), ETA: 0:02:10, Rate: 19.1 cps, Current: -15, -31
[03:43:44] [Server thread/INFO]: [Chunky] Task running for world. Processed: 3450 chunks (58.19%), ETA: 0:02:13, Rate: 18.6 cps, Current: -13, -31
[03:43:45] [Server thread/INFO]: [Chunky] Task running for world. Processed: 3476 chunks (58.63%), ETA: 0:02:08, Rate: 19.1 cps, Current: -6, -27
[03:43:46] [Server thread/INFO]: [Chunky] Task running for world. Processed: 3511 chunks (59.22%), ETA: 0:02:01, Rate: 19.9 cps, Current: -10, -32
[03:43:47] [Server thread/INFO]: [Chunky] Task running for world. Processed: 3524 chunks (59.44%), ETA: 0:01:59, Rate: 20.2 cps, Current: -29, 0
[03:43:49] [Server thread/INFO]: [Chunky] Task running for world. Processed: 3525 chunks (59.45%), ETA: 0:02:02, Rate: 19.7 cps, Current: -30, 1
[03:43:51] [Server thread/INFO]: [Chunky] Task running for world. Processed: 3532 chunks (59.57%), ETA: 0:02:01, Rate: 19.8 cps, Current: -31, 1
[03:43:51] [Server thread/INFO]: SCAPT0R issued server command: /chunky progress
[03:43:52] [Server thread/INFO]: [Chunky] Task running for world. Processed: 3544 chunks (59.77%), ETA: 0:02:00, Rate: 19.7 cps, Current: -27, 1
[03:43:53] [Server thread/INFO]: [Chunky] Task running for world. Processed: 3553 chunks (59.93%), ETA: 0:02:01, Rate: 19.6 cps, Current: -26, 0
[03:43:54] [Server thread/INFO]: [Chunky] Task running for world. Processed: 3560 chunks (60.04%), ETA: 0:02:07, Rate: 18.6 cps, Current: -25, 0
[03:43:55] [Server thread/INFO]: [Chunky] Task running for world. Processed: 3574 chunks (60.28%), ETA: 0:02:12, Rate: 17.7 cps, Current: -21, 0
[03:43:57] [Server thread/INFO]: [Chunky] Task running for world. Processed: 3588 chunks (60.52%), ETA: 0:02:08, Rate: 18.3 cps, Current: -24, 2
[03:43:58] [Server thread/INFO]: [Chunky] Task running for world. Processed: 3607 chunks (60.84%), ETA: 0:02:02, Rate: 18.9 cps, Current: -23, 3
[03:43:59] [Server thread/INFO]: [Chunky] Task running for world. Processed: 3627 chunks (61.17%), ETA: 0:02:05, Rate: 18.3 cps, Current: -18, 3
[03:44:00] [Server thread/INFO]: [Chunky] Task running for world. Processed: 3632 chunks (61.26%), ETA: 0:02:42, Rate: 14.2 cps, Current: -18, 5
[03:44:01] [Server thread/INFO]: [Chunky] Task running for world. Processed: 3643 chunks (61.44%), ETA: 0:02:49, Rate: 13.5 cps, Current: -19, 7
[03:44:03] [Server thread/INFO]: [Chunky] Task running for world. Processed: 3658 chunks (61.70%), ETA: 0:02:49, Rate: 13.4 cps, Current: -17, 6
[03:44:04] [Server thread/INFO]: [Chunky] Task running for world. Processed: 3662 chunks (61.76%), ETA: 0:02:54, Rate: 13.0 cps, Current: -19, 10
[03:44:05] [Server thread/INFO]: [Chunky] Task running for world. Processed: 3676 chunks (62.00%), ETA: 0:02:55, Rate: 12.9 cps, Current: -17, 9
[03:44:06] [Server thread/INFO]: [Chunky] Task running for world. Processed: 3691 chunks (62.25%), ETA: 0:02:54, Rate: 12.8 cps, Current: -21, 13
[03:44:07] [Server thread/INFO]: [Chunky] Task running for world. Processed: 3708 chunks (62.54%), ETA: 0:02:58, Rate: 12.4 cps, Current: -26, 13
[03:44:08] [Server thread/INFO]: [Chunky] Task running for world. Processed: 3723 chunks (62.79%), ETA: 0:03:06, Rate: 11.8 cps, Current: -19, 15
[03:44:09] [Server thread/INFO]: [Chunky] Task running for world. Processed: 3743 chunks (63.13%), ETA: 0:03:06, Rate: 11.7 cps, Current: -24, 15
[03:44:10] [Server thread/INFO]: [Chunky] Task running for world. Processed: 3762 chunks (63.45%), ETA: 0:03:05, Rate: 11.7 cps, Current: -31, 10
[03:44:11] [Server thread/INFO]: [Chunky] Task running for world. Processed: 3775 chunks (63.67%), ETA: 0:03:03, Rate: 11.8 cps, Current: -30, 17
[03:44:12] [Server thread/INFO]: [Chunky] Task running for world. Processed: 3793 chunks (63.97%), ETA: 0:02:58, Rate: 12.0 cps, Current: -25, 17
[03:44:13] [Server thread/INFO]: [Chunky] Task running for world. Processed: 3807 chunks (64.21%), ETA: 0:02:56, Rate: 12.0 cps, Current: -28, 20
[03:44:15] [Server thread/INFO]: [Chunky] Task running for world. Processed: 3816 chunks (64.36%), ETA: 0:03:02, Rate: 11.6 cps, Current: -29, 22
[03:44:16] [Server thread/INFO]: SCAPT0R has made the advancement [Sweet Dreams]
[03:44:17] [Server thread/INFO]: [Chunky] Task running for world. Processed: 3828 chunks (64.56%), ETA: 0:03:22, Rate: 10.4 cps, Current: -25, 21
[03:44:18] [Server thread/INFO]: [Chunky] Task running for world. Processed: 3839 chunks (64.75%), ETA: 0:03:07, Rate: 11.2 cps, Current: -32, 21
[03:44:19] [Server thread/INFO]: [Chunky] Task running for world. Processed: 3844 chunks (64.83%), ETA: 0:03:12, Rate: 10.8 cps, Current: -32, 22
[03:44:20] [Server thread/INFO]: [Chunky] Task running for world. Processed: 3852 chunks (64.97%), ETA: 0:03:11, Rate: 10.8 cps, Current: -31, 28
[03:44:21] [Server thread/INFO]: [Chunky] Task running for world. Processed: 3865 chunks (65.19%), ETA: 0:03:10, Rate: 10.9 cps, Current: -27, 24
[03:44:23] [Server thread/INFO]: [Chunky] Task running for world. Processed: 3876 chunks (65.37%), ETA: 0:03:08, Rate: 10.9 cps, Current: -26, 24
[03:44:25] [Server thread/INFO]: [Chunky] Task running for world. Processed: 3883 chunks (65.49%), ETA: 0:03:12, Rate: 10.6 cps, Current: -32, 31
[03:44:26] [Server thread/INFO]: [Chunky] Task running for world. Processed: 3898 chunks (65.74%), ETA: 0:03:10, Rate: 10.6 cps, Current: -25, 26
[03:44:27] [Server thread/INFO]: [Chunky] Task running for world. Processed: 3902 chunks (65.81%), ETA: 0:03:21, Rate: 10.1 cps, Current: -28, 31
[03:44:29] [Server thread/INFO]: [Chunky] Task running for world. Processed: 3908 chunks (65.91%), ETA: 0:03:32, Rate: 9.5 cps, Current: -23, 26
[03:44:30] [Server thread/INFO]: [Chunky] Task running for world. Processed: 3922 chunks (66.15%), ETA: 0:03:28, Rate: 9.6 cps, Current: -24, 30
[03:44:32] [Server thread/INFO]: [Chunky] Task running for world. Processed: 3933 chunks (66.33%), ETA: 0:03:28, Rate: 9.6 cps, Current: -21, 25
[03:44:33] [Server thread/INFO]: [Chunky] Task running for world. Processed: 3941 chunks (66.47%), ETA: 0:03:29, Rate: 9.5 cps, Current: -20, 24
[03:44:34] [Server thread/INFO]: [Chunky] Task running for world. Processed: 3951 chunks (66.64%), ETA: 0:03:26, Rate: 9.6 cps, Current: -23, 31
[03:44:35] [Server thread/INFO]: [Chunky] Task running for world. Processed: 3955 chunks (66.71%), ETA: 0:03:30, Rate: 9.4 cps, Current: -19, 23
[03:44:36] [Server thread/INFO]: [Chunky] Task running for world. Processed: 3965 chunks (66.87%), ETA: 0:03:41, Rate: 8.9 cps, Current: -24, 22
[03:44:38] [Server thread/INFO]: [Chunky] Task running for world. Processed: 4033 chunks (68.02%), ETA: 0:03:00, Rate: 10.5 cps, Current: -16, 16
[03:44:40] [Server thread/INFO]: [Chunky] Task running for world. Processed: 4036 chunks (68.07%), ETA: 0:03:21, Rate: 9.4 cps, Current: -16, 19
[03:44:41] [Server thread/INFO]: [Chunky] Task running for world. Processed: 4057 chunks (68.43%), ETA: 0:03:13, Rate: 9.7 cps, Current: -13, 17
[03:44:42] [Server thread/INFO]: [Chunky] Task running for world. Processed: 4074 chunks (68.71%), ETA: 0:03:14, Rate: 9.5 cps, Current: -16, 24
[03:44:43] [Server thread/INFO]: [Chunky] Task running for world. Processed: 4100 chunks (69.15%), ETA: 0:03:05, Rate: 9.9 cps, Current: -9, 21
[03:44:44] [Server thread/INFO]: [Chunky] Task running for world. Processed: 4114 chunks (69.39%), ETA: 0:03:01, Rate: 10.0 cps, Current: -14, 27
[03:44:45] [Server thread/INFO]: [Chunky] Task running for world. Processed: 4138 chunks (69.79%), ETA: 0:02:45, Rate: 10.8 cps, Current: -13, 30
[03:44:47] [Server thread/INFO]: [Chunky] Task running for world. Processed: 4155 chunks (70.08%), ETA: 0:02:41, Rate: 11.0 cps, Current: -7, 24
[03:44:48] [Server thread/INFO]: [Chunky] Task running for world. Processed: 4164 chunks (70.23%), ETA: 0:02:37, Rate: 11.2 cps, Current: -6, 24
[03:44:49] [Server thread/INFO]: [Chunky] Task running for world. Processed: 4245 chunks (71.60%), ETA: 0:02:04, Rate: 13.5 cps, Current: -3, 23
[03:44:50] [Server thread/INFO]: [Chunky] Task running for world. Processed: 4317 chunks (72.81%), ETA: 0:01:43, Rate: 15.6 cps, Current: -4, 11
[03:44:51] [Server thread/INFO]: [Chunky] Task running for world. Processed: 4337 chunks (73.15%), ETA: 0:01:39, Rate: 15.9 cps, Current: -7, 15
[03:44:52] [Server thread/INFO]: [Chunky] Task running for world. Processed: 4375 chunks (73.79%), ETA: 0:01:29, Rate: 17.3 cps, Current: -10, 13
[03:44:55] [Server thread/INFO]: [Chunky] Task running for world. Processed: 4545 chunks (76.66%), ETA: 0:01:08, Rate: 20.2 cps, Current: -31, 32
[03:44:57] [Server thread/INFO]: [Chunky] Task running for world. Processed: 4566 chunks (77.01%), ETA: 0:01:06, Rate: 20.6 cps, Current: -27, 33
[03:44:58] [Server thread/INFO]: [Chunky] Task running for world. Processed: 4586 chunks (77.35%), ETA: 0:01:03, Rate: 21.1 cps, Current: -22, 32
[03:44:59] [Server thread/INFO]: [Chunky] Task running for world. Processed: 4597 chunks (77.53%), ETA: 0:01:02, Rate: 21.4 cps, Current: -24, 35
[03:45:00] [Server thread/INFO]: [Chunky] Task running for world. Processed: 4618 chunks (77.89%), ETA: 0:00:59, Rate: 21.9 cps, Current: -22, 36
[03:45:01] [Server thread/INFO]: [Chunky] Task running for world. Processed: 4634 chunks (78.16%), ETA: 0:01:00, Rate: 21.6 cps, Current: -15, 32
[03:45:03] [Server thread/INFO]: [Chunky] Task running for world. Processed: 4651 chunks (78.44%), ETA: 0:00:58, Rate: 21.9 cps, Current: -22, 38
[03:45:04] [Server thread/INFO]: [Chunky] Task running for world. Processed: 4673 chunks (78.82%), ETA: 0:00:56, Rate: 22.3 cps, Current: -14, 36
[03:45:05] [Server thread/INFO]: [Chunky] Task running for world. Processed: 4692 chunks (79.14%), ETA: 0:00:52, Rate: 23.4 cps, Current: -16, 38
[03:45:06] [Server thread/INFO]: [Chunky] Task running for world. Processed: 4712 chunks (79.47%), ETA: 0:00:52, Rate: 23.2 cps, Current: -9, 36
[03:45:07] [Server thread/INFO]: [Chunky] Task running for world. Processed: 4728 chunks (79.74%), ETA: 0:00:55, Rate: 21.8 cps, Current: -4, 33
[03:45:08] [Server thread/INFO]: [Chunky] Task running for world. Processed: 4745 chunks (80.03%), ETA: 0:00:51, Rate: 23.0 cps, Current: -2, 33
[03:45:09] [Server thread/INFO]: [Chunky] Task running for world. Processed: 4762 chunks (80.32%), ETA: 0:00:51, Rate: 22.7 cps, Current: -6, 38
[03:45:10] [Server thread/INFO]: [Chunky] Task running for world. Processed: 4784 chunks (80.69%), ETA: 0:00:50, Rate: 22.6 cps, Current: -3, 38
[03:45:11] [Server thread/INFO]: [Chunky] Task running for world. Processed: 4805 chunks (81.04%), ETA: 0:00:49, Rate: 22.9 cps, Current: 6, 34
[03:45:13] [Server thread/INFO]: [Chunky] Task running for world. Processed: 4823 chunks (81.35%), ETA: 0:00:48, Rate: 22.7 cps, Current: 5, 37
[03:45:14] [Server thread/INFO]: [Chunky] Task running for world. Processed: 4843 chunks (81.68%), ETA: 0:00:46, Rate: 23.1 cps, Current: 14, 32
[03:45:15] [Server thread/INFO]: [Chunky] Task running for world. Processed: 4854 chunks (81.87%), ETA: 0:00:47, Rate: 22.6 cps, Current: 7, 38
[03:45:16] [Server thread/INFO]: [Chunky] Task running for world. Processed: 4868 chunks (82.10%), ETA: 0:00:47, Rate: 22.2 cps, Current: 12, 37
[03:45:18] [Server thread/INFO]: [Chunky] Task running for world. Processed: 4881 chunks (82.32%), ETA: 0:00:47, Rate: 22.3 cps, Current: 11, 38
[03:45:19] [Server thread/INFO]: [Chunky] Task running for world. Processed: 4897 chunks (82.59%), ETA: 0:00:51, Rate: 20.1 cps, Current: 16, 37
[03:45:20] [Server thread/INFO]: [Chunky] Task running for world. Processed: 4916 chunks (82.91%), ETA: 0:00:55, Rate: 18.4 cps, Current: 16, 38
[03:45:21] [Server thread/INFO]: [Chunky] Task running for world. Processed: 4937 chunks (83.27%), ETA: 0:00:53, Rate: 18.4 cps, Current: 19, 38
[03:45:22] [Server thread/INFO]: [Chunky] Task running for world. Processed: 4954 chunks (83.56%), ETA: 0:00:54, Rate: 17.7 cps, Current: 21, 38
[03:45:23] [Server thread/INFO]: [Chunky] Task running for world. Processed: 4973 chunks (83.88%), ETA: 0:01:02, Rate: 15.4 cps, Current: 30, 34
[03:45:24] [Server thread/INFO]: [Chunky] Task running for world. Processed: 4994 chunks (84.23%), ETA: 0:01:00, Rate: 15.5 cps, Current: 32, 35
[03:45:25] [Server thread/INFO]: [Chunky] Task running for world. Processed: 5009 chunks (84.48%), ETA: 0:00:59, Rate: 15.5 cps, Current: 34, 36
[03:45:27] [Server thread/INFO]: [Chunky] Task running for world. Processed: 5021 chunks (84.69%), ETA: 0:01:00, Rate: 15.1 cps, Current: 32, -33
[03:45:28] [Server thread/INFO]: [Chunky] Task running for world. Processed: 5034 chunks (84.90%), ETA: 0:00:59, Rate: 15.0 cps, Current: 37, 36
[03:45:29] [Server thread/INFO]: [Chunky] Task running for world. Processed: 5040 chunks (85.01%), ETA: 0:01:00, Rate: 14.8 cps, Current: 34, -35
[03:45:30] [Server thread/INFO]: [Chunky] Task running for world. Processed: 5055 chunks (85.26%), ETA: 0:00:59, Rate: 14.6 cps, Current: 38, 36
[03:45:32] [Server thread/INFO]: [Chunky] Task running for world. Processed: 5063 chunks (85.39%), ETA: 0:01:01, Rate: 14.1 cps, Current: 32, -35
[03:45:33] [Server thread/INFO]: [Chunky] Task running for world. Processed: 5080 chunks (85.68%), ETA: 0:01:01, Rate: 13.9 cps, Current: 3, -33
[03:45:34] [Server thread/INFO]: [Chunky] Task running for world. Processed: 5084 chunks (85.75%), ETA: 0:01:03, Rate: 13.4 cps, Current: 36, -38
[03:45:35] [Server thread/INFO]: [Chunky] Task running for world. Processed: 5106 chunks (86.12%), ETA: 0:01:01, Rate: 13.4 cps, Current: 7, -33
[03:45:37] [Server thread/INFO]: [Chunky] Task running for world. Processed: 5112 chunks (86.22%), ETA: 0:01:02, Rate: 13.0 cps, Current: 6, -34
[03:45:38] [Server thread/INFO]: [Chunky] Task running for world. Processed: 5132 chunks (86.56%), ETA: 0:01:00, Rate: 13.1 cps, Current: 6, -37
[03:45:39] [Server thread/INFO]: [Chunky] Task running for world. Processed: 5148 chunks (86.83%), ETA: 0:00:59, Rate: 13.0 cps, Current: 8, -37
[03:45:40] [Server thread/INFO]: [Chunky] Task running for world. Processed: 5165 chunks (87.11%), ETA: 0:00:58, Rate: 13.0 cps, Current: 11, -37
[03:45:41] [Server thread/INFO]: [Chunky] Task running for world. Processed: 5183 chunks (87.42%), ETA: 0:00:58, Rate: 12.9 cps, Current: 14, -37
[03:45:42] [Server thread/INFO]: [Chunky] Task running for world. Processed: 5198 chunks (87.67%), ETA: 0:00:57, Rate: 12.8 cps, Current: 17, -37
[03:45:43] [Server thread/INFO]: [Chunky] Task running for world. Processed: 5215 chunks (87.96%), ETA: 0:00:56, Rate: 12.7 cps, Current: 25, -33
[03:45:44] [Server thread/INFO]: [Chunky] Task running for world. Processed: 5231 chunks (88.23%), ETA: 0:00:54, Rate: 12.8 cps, Current: 19, -38
[03:45:45] [Server thread/INFO]: [Chunky] Task running for world. Processed: 5260 chunks (88.72%), ETA: 0:00:49, Rate: 13.6 cps, Current: 26, -37
[03:45:46] [Server thread/INFO]: [Chunky] Task running for world. Processed: 5267 chunks (88.83%), ETA: 0:00:49, Rate: 13.4 cps, Current: 31, -38
[03:45:47] [Server thread/INFO]: [Chunky] Task running for world. Processed: 5276 chunks (88.99%), ETA: 0:00:49, Rate: 13.2 cps, Current: -31, -33
[03:45:49] [Server thread/INFO]: [Chunky] Task running for world. Processed: 5284 chunks (89.12%), ETA: 0:00:50, Rate: 12.8 cps, Current: -29, -35
[03:45:50] [Server thread/INFO]: [Chunky] Task running for world. Processed: 5297 chunks (89.34%), ETA: 0:00:49, Rate: 12.7 cps, Current: -26, -34
[03:45:51] [Server thread/INFO]: [Chunky] Task running for world. Processed: 5315 chunks (89.64%), ETA: 0:00:49, Rate: 12.5 cps, Current: -24, -35
[03:45:52] [Server thread/INFO]: [Chunky] Task running for world. Processed: 5331 chunks (89.91%), ETA: 0:00:48, Rate: 12.3 cps, Current: -30, -38
[03:45:53] [Server thread/INFO]: [Chunky] Task running for world. Processed: 5347 chunks (90.18%), ETA: 0:00:47, Rate: 12.2 cps, Current: -25, -38
[03:45:54] [Server thread/INFO]: [Chunky] Task running for world. Processed: 5366 chunks (90.50%), ETA: 0:00:45, Rate: 12.4 cps, Current: -22, -38
[03:45:55] [Server thread/INFO]: [Chunky] Task running for world. Processed: 5382 chunks (90.77%), ETA: 0:00:42, Rate: 12.8 cps, Current: -20, -38
[03:45:57] [Server thread/INFO]: [Chunky] Task running for world. Processed: 5402 chunks (91.11%), ETA: 0:00:40, Rate: 12.9 cps, Current: -8, -33
[03:45:58] [Server thread/INFO]: [Chunky] Task running for world. Processed: 5414 chunks (91.31%), ETA: 0:00:40, Rate: 12.9 cps, Current: -9, -36
[03:45:59] [Server thread/INFO]: [Chunky] Task running for world. Processed: 5458 chunks (92.06%), ETA: 0:00:33, Rate: 14.2 cps, Current: -10, -38
[03:46:00] [Server thread/INFO]: [Chunky] Task running for world. Processed: 5461 chunks (92.11%), ETA: 0:00:34, Rate: 13.7 cps, Current: -8, -38
[03:46:02] [Server thread/INFO]: [Chunky] Task running for world. Processed: 5468 chunks (92.22%), ETA: 0:00:33, Rate: 13.6 cps, Current: -33, -37
[03:46:03] [Server thread/INFO]: [Chunky] Task running for world. Processed: 5480 chunks (92.43%), ETA: 0:00:33, Rate: 13.4 cps, Current: -34, -34
[03:46:04] [Server thread/INFO]: [Chunky] Task running for world. Processed: 5485 chunks (92.51%), ETA: 0:00:32, Rate: 13.5 cps, Current: -35, -33
[03:46:05] [Server thread/INFO]: [Chunky] Task running for world. Processed: 5494 chunks (92.66%), ETA: 0:00:33, Rate: 13.0 cps, Current: -37, -33
[03:46:07] [Server thread/INFO]: [Chunky] Task running for world. Processed: 5495 chunks (92.68%), ETA: 0:00:34, Rate: 12.4 cps, Current: -37, -32
[03:46:09] [Server thread/INFO]: [Chunky] Task running for world. Processed: 5497 chunks (92.71%), ETA: 0:00:36, Rate: 11.7 cps, Current: -36, -38
[03:46:10] [Server thread/INFO]: [Chunky] Task running for world. Processed: 5505 chunks (92.85%), ETA: 0:00:37, Rate: 11.2 cps, Current: -38, -32
[03:46:11] [Server thread/INFO]: [Chunky] Task running for world. Processed: 5513 chunks (92.98%), ETA: 0:00:37, Rate: 11.0 cps, Current: -37, -30
[03:46:12] [Server thread/INFO]: [Chunky] Task running for world. Processed: 5525 chunks (93.19%), ETA: 0:00:36, Rate: 11.0 cps, Current: -38, -19
[03:46:13] [Server thread/INFO]: [Chunky] Task running for world. Processed: 5530 chunks (93.27%), ETA: 0:00:38, Rate: 10.4 cps, Current: -37, -24
[03:46:14] [Server thread/INFO]: [Chunky] Task running for world. Processed: 5561 chunks (93.79%), ETA: 0:00:33, Rate: 11.0 cps, Current: -36, -17
[03:46:15] [Server thread/INFO]: [Chunky] Task running for world. Processed: 5694 chunks (96.04%), ETA: 0:00:15, Rate: 14.8 cps, Current: -34, -1
[03:46:19] [Server thread/INFO]: [Chunky] Task running for world. Processed: 5698 chunks (96.10%), ETA: 0:00:16, Rate: 13.8 cps, Current: -37, 1
[03:46:20] [Server thread/INFO]: [Chunky] Task running for world. Processed: 5700 chunks (96.14%), ETA: 0:00:17, Rate: 13.2 cps, Current: -37, 2
[03:46:22] [Server thread/INFO]: [Chunky] Task running for world. Processed: 5701 chunks (96.15%), ETA: 0:00:18, Rate: 12.1 cps, Current: -37, 3
[03:46:24] [Server thread/INFO]: [Chunky] Task running for world. Processed: 5703 chunks (96.19%), ETA: 0:00:19, Rate: 11.5 cps, Current: -37, 4
[03:46:25] [Server thread/INFO]: [Chunky] Task running for world. Processed: 5721 chunks (96.49%), ETA: 0:00:18, Rate: 11.5 cps, Current: -36, 0
[03:46:26] [Server thread/INFO]: [Chunky] Task running for world. Processed: 5763 chunks (97.20%), ETA: 0:00:13, Rate: 12.3 cps, Current: -37, 20
[03:46:28] [Server thread/INFO]: [Chunky] Task running for world. Processed: 5888 chunks (99.31%), ETA: 0:00:02, Rate: 14.7 cps, Current: -38, 32
[03:46:29] [Server thread/INFO]: [Chunky] Task running for world. Processed: 5923 chunks (99.90%), ETA: 0:00:00, Rate: 15.9 cps, Current: -38, 35
[03:46:29] [Server thread/INFO]: [Chunky] Task finished for world. Processed: 5929 chunks (100.00%), Total time: 0:06:08
[03:46:33] [Server thread/INFO]: SCAPT0R has made the advancement [Stone Age]
[03:47:02] [Server thread/INFO]: SCAPT0R has made the advancement [Getting an Upgrade]
[03:48:39] [Server thread/INFO]: SCAPT0R issued server command: /chunky progress
[03:48:45] [Server thread/INFO]: SCAPT0R issued server command: /chunky radius 800
[03:48:48] [Server thread/INFO]: SCAPT0R issued server command: /chunky start
[03:48:51] [Server thread/INFO]: [Chunky] Task running for world. Processed: 1252 chunks (12.27%), ETA: 1:00:10, Rate: 2.5 cps, Current: 39, 3
[03:48:53] [Server thread/INFO]: SCAPT0R issued server command: /chunky progress
[03:48:53] [Server thread/INFO]: [Chunky] Task running for world. Processed: 1281 chunks (12.56%), ETA: 0:14:21, Rate: 10.4 cps, Current: 40, 0
[03:48:54] [Server thread/INFO]: [Chunky] Task running for world. Processed: 1285 chunks (12.60%), ETA: 0:18:33, Rate: 8.0 cps, Current: 40, 4
[03:48:55] [Server thread/INFO]: [Chunky] Task running for world. Processed: 1303 chunks (12.77%), ETA: 0:15:31, Rate: 9.6 cps, Current: 40, 22
[03:48:57] [Server thread/INFO]: [Chunky] Task running for world. Processed: 1318 chunks (12.92%), ETA: 0:16:18, Rate: 9.1 cps, Current: 41, 5
[03:48:58] [Server thread/INFO]: [Chunky] Task running for world. Processed: 1336 chunks (13.10%), ETA: 0:14:44, Rate: 10.0 cps, Current: 41, 23
[03:49:00] [Server thread/INFO]: [Chunky] Task running for world. Processed: 1351 chunks (13.24%), ETA: 0:14:41, Rate: 10.0 cps, Current: 42, 6
[03:49:01] [Server thread/INFO]: [Chunky] Task running for world. Processed: 1369 chunks (13.42%), ETA: 0:14:01, Rate: 10.5 cps, Current: 42, 24
[03:49:02] [Server thread/INFO]: [Chunky] Task running for world. Processed: 1384 chunks (13.57%), ETA: 0:13:37, Rate: 10.8 cps, Current: 43, 7
[03:49:03] [Server thread/INFO]: [Chunky] Task running for world. Processed: 1402 chunks (13.74%), ETA: 0:13:05, Rate: 11.2 cps, Current: 43, 25
[03:49:05] [Server thread/INFO]: [Chunky] Task running for world. Processed: 1426 chunks (13.98%), ETA: 0:12:16, Rate: 11.9 cps, Current: 44, 17
[03:49:06] [Server thread/INFO]: [Chunky] Task running for world. Processed: 1441 chunks (14.13%), ETA: 0:12:14, Rate: 11.9 cps, Current: 45, 0
[03:49:07] [Server thread/INFO]: [Chunky] Task running for world. Processed: 1464 chunks (14.35%), ETA: 0:11:57, Rate: 12.2 cps, Current: 45, 23
[03:49:08] [Server thread/INFO]: [Chunky] Task running for world. Processed: 1483 chunks (14.54%), ETA: 0:11:38, Rate: 12.5 cps, Current: 46, 10
[03:49:10] [Server thread/INFO]: [Chunky] Task running for world. Processed: 1501 chunks (14.71%), ETA: 0:11:25, Rate: 12.7 cps, Current: 46, 28
[03:49:11] [Server thread/INFO]: [Chunky] Task running for world. Processed: 1516 chunks (14.86%), ETA: 0:11:21, Rate: 12.7 cps, Current: 47, 11
[03:49:12] [Server thread/INFO]: [Chunky] Task running for world. Processed: 1534 chunks (15.04%), ETA: 0:11:17, Rate: 12.8 cps, Current: 47, 29
[03:49:13] [Server thread/INFO]: [Chunky] Task running for world. Processed: 1550 chunks (15.19%), ETA: 0:11:09, Rate: 12.9 cps, Current: 48, 13
[03:49:14] [Server thread/INFO]: [Chunky] Task running for world. Processed: 1568 chunks (15.37%), ETA: 0:10:57, Rate: 13.1 cps, Current: 48, 31
[03:49:15] [Server thread/INFO]: [Chunky] Task running for world. Processed: 1815 chunks (17.79%), ETA: 0:10:23, Rate: 13.4 cps, Current: 49, 22
[03:49:16] [Server thread/INFO]: [Chunky] Task running for world. Processed: 1824 chunks (17.88%), ETA: 0:10:35, Rate: 13.2 cps, Current: 49, 31
[03:49:18] [Server thread/INFO]: [Chunky] Task running for world. Processed: 1839 chunks (18.03%), ETA: 0:10:40, Rate: 13.0 cps, Current: 50, 14
[03:49:19] [Server thread/INFO]: [Chunky] Task running for world. Processed: 1853 chunks (18.16%), ETA: 0:10:50, Rate: 12.8 cps, Current: 50, 28
[03:49:21] [Server thread/INFO]: [Chunky] Task running for world. Processed: 1857 chunks (18.20%), ETA: 0:11:14, Rate: 12.4 cps, Current: 39, -27
[03:49:23] [Server thread/INFO]: [Chunky] Task running for world. Processed: 1889 chunks (18.52%), ETA: 0:10:47, Rate: 12.8 cps, Current: 40, -27
[03:49:24] [Server thread/INFO]: [Chunky] Task running for world. Processed: 1906 chunks (18.68%), ETA: 0:10:17, Rate: 13.4 cps, Current: 40, -15
[03:49:25] [Server thread/INFO]: [Chunky] Task running for world. Processed: 1921 chunks (18.83%), ETA: 0:10:22, Rate: 13.3 cps, Current: 41, -27
[03:49:26] [Server thread/INFO]: [Chunky] Task running for world. Processed: 1945 chunks (19.07%), ETA: 0:09:49, Rate: 14.0 cps, Current: 41, -11
[03:49:27] [Server thread/INFO]: [Chunky] Task running for world. Processed: 1965 chunks (19.26%), ETA: 0:09:50, Rate: 14.0 cps, Current: 42, -20
[03:49:29] [Server thread/INFO]: [Chunky] Task running for world. Processed: 1985 chunks (19.46%), ETA: 0:09:33, Rate: 14.3 cps, Current: 43, -27
[03:49:30] [Server thread/INFO]: [Chunky] Task running for world. Processed: 1998 chunks (19.59%), ETA: 0:09:36, Rate: 14.2 cps, Current: 43, -19
[03:49:31] [Server thread/INFO]: [Chunky] Task running for world. Processed: 2018 chunks (19.78%), ETA: 0:09:32, Rate: 14.3 cps, Current: 44, -26
[03:49:33] [Server thread/INFO]: [Chunky] Task running for world. Processed: 2049 chunks (20.09%), ETA: 0:09:25, Rate: 14.4 cps, Current: 45, -27
[03:49:34] [Server thread/INFO]: [Chunky] Task running for world. Processed: 2081 chunks (20.40%), ETA: 0:09:16, Rate: 14.6 cps, Current: 46, -27
[03:49:35] [Server thread/INFO]: [Chunky] Task running for world. Processed: 2093 chunks (20.52%), ETA: 0:09:15, Rate: 14.6 cps, Current: 46, -20
[03:49:36] [Server thread/INFO]: [Chunky] Task running for world. Processed: 2113 chunks (20.71%), ETA: 0:09:09, Rate: 14.7 cps, Current: 47, -27
[03:49:38] [Server thread/INFO]: [Chunky] Task running for world. Processed: 2137 chunks (20.95%), ETA: 0:09:03, Rate: 14.8 cps, Current: 47, -11
[03:49:39] [Server thread/INFO]: [Chunky] Task running for world. Processed: 2147 chunks (21.05%), ETA: 0:09:11, Rate: 14.6 cps, Current: 48, -28
[03:49:40] [Server thread/INFO]: [Chunky] Task running for world. Processed: 2173 chunks (21.30%), ETA: 0:09:02, Rate: 14.8 cps, Current: 48, -4
[03:49:41] [Server thread/INFO]: [Chunky] Task running for world. Processed: 2186 chunks (21.43%), ETA: 0:09:03, Rate: 14.8 cps, Current: 49, -22
[03:49:42] [Server thread/INFO]: [Chunky] Task running for world. Processed: 5289 chunks (51.85%), ETA: 0:05:34, Rate: 14.7 cps, Current: 49, -9
[03:49:43] [Server thread/INFO]: [Chunky] Task running for world. Processed: 5295 chunks (51.91%), ETA: 0:05:44, Rate: 14.2 cps, Current: 50, -27
[03:49:45] [Server thread/INFO]: [Chunky] Task running for world. Processed: 5314 chunks (52.09%), ETA: 0:05:52, Rate: 13.9 cps, Current: 50, -20
[03:49:46] [Server thread/INFO]: [Chunky] Task running for world. Processed: 5348 chunks (52.43%), ETA: 0:05:44, Rate: 14.1 cps, Current: -32, 39
[03:49:48] [Server thread/INFO]: [Chunky] Task running for world. Processed: 5351 chunks (52.46%), ETA: 0:05:53, Rate: 13.7 cps, Current: -29, 39
[03:49:49] [Server thread/INFO]: [Chunky] Task running for world. Processed: 5369 chunks (52.63%), ETA: 0:05:54, Rate: 13.6 cps, Current: -31, 45
[03:49:50] [Server thread/INFO]: [Chunky] Task running for world. Processed: 5375 chunks (52.69%), ETA: 0:05:40, Rate: 14.2 cps, Current: -29, 41
[03:49:51] [Server thread/INFO]: SCAPT0R has made the advancement [Ice Bucket Challenge]
[03:49:51] [Server thread/INFO]: [Chunky] Task running for world. Processed: 5405 chunks (52.99%), ETA: 0:05:37, Rate: 14.2 cps, Current: -27, 39
[03:49:52] [Server thread/INFO]: [Chunky] Task running for world. Processed: 5431 chunks (53.24%), ETA: 0:05:42, Rate: 13.9 cps, Current: -29, 50
[03:49:53] [Server thread/INFO]: [Chunky] Task running for world. Processed: 5466 chunks (53.58%), ETA: 0:05:37, Rate: 14.0 cps, Current: -28, 50
[03:49:55] [Server thread/INFO]: [Chunky] Task running for world. Processed: 5500 chunks (53.92%), ETA: 0:05:31, Rate: 14.2 cps, Current: -27, 50
[03:49:56] [Server thread/INFO]: [Chunky] Task running for world. Processed: 5527 chunks (54.18%), ETA: 0:05:33, Rate: 14.0 cps, Current: -22, 41
[03:49:57] [Server thread/INFO]: [Chunky] Task running for world. Processed: 5560 chunks (54.50%), ETA: 0:05:32, Rate: 14.0 cps, Current: -21, 42
[03:49:58] [Server thread/INFO]: [Chunky] Task running for world. Processed: 5598 chunks (54.88%), ETA: 0:05:29, Rate: 14.0 cps, Current: -19, 42
[03:50:00] [Server thread/INFO]: [Chunky] Task running for world. Processed: 5632 chunks (55.21%), ETA: 0:05:22, Rate: 14.2 cps, Current: -16, 40
[03:50:01] [Server thread/INFO]: [Chunky] Task running for world. Processed: 5655 chunks (55.44%), ETA: 0:05:21, Rate: 14.1 cps, Current: -16, 42
[03:50:02] [Server thread/INFO]: [Chunky] Task running for world. Processed: 5678 chunks (55.66%), ETA: 0:05:22, Rate: 14.0 cps, Current: -15, 43
[03:50:03] [Server thread/INFO]: [Chunky] Task running for world. Processed: 5695 chunks (55.83%), ETA: 0:05:25, Rate: 13.8 cps, Current: -13, 41
[03:50:04] [Server thread/INFO]: [Chunky] Task running for world. Processed: 5731 chunks (56.18%), ETA: 0:05:28, Rate: 13.6 cps, Current: -12, 42
[03:50:05] [Server thread/INFO]: [Chunky] Task running for world. Processed: 5769 chunks (56.55%), ETA: 0:05:18, Rate: 13.9 cps, Current: -10, 42
[03:50:06] [Server thread/INFO]: [Chunky] Task running for world. Processed: 5793 chunks (56.79%), ETA: 0:05:18, Rate: 13.8 cps, Current: -9, 44
[03:50:07] [Server thread/INFO]: [Chunky] Task running for world. Processed: 5826 chunks (57.11%), ETA: 0:05:20, Rate: 13.7 cps, Current: -7, 42
[03:50:08] [Server thread/INFO]: [Chunky] Task running for world. Processed: 5859 chunks (57.44%), ETA: 0:05:11, Rate: 14.0 cps, Current: -6, 46
[03:50:10] [Server thread/INFO]: [Chunky] Task running for world. Processed: 5884 chunks (57.68%), ETA: 0:05:11, Rate: 13.9 cps, Current: -5, 49
[03:50:11] [Server thread/INFO]: [Chunky] Task running for world. Processed: 5921 chunks (58.04%), ETA: 0:05:04, Rate: 14.0 cps, Current: -2, 42
[03:50:12] [Server thread/INFO]: [Chunky] Task running for world. Processed: 5959 chunks (58.42%), ETA: 0:04:57, Rate: 14.3 cps, Current: 0, 42
[03:50:13] [Server thread/INFO]: [Chunky] Task running for world. Processed: 5978 chunks (58.60%), ETA: 0:04:51, Rate: 14.5 cps, Current: 1, 42
[03:50:14] [Server thread/INFO]: [Chunky] Task running for world. Processed: 5997 chunks (58.79%), ETA: 0:04:49, Rate: 14.5 cps, Current: 2, 42
[03:50:16] [Server thread/INFO]: [Chunky] Task running for world. Processed: 6017 chunks (58.98%), ETA: 0:04:50, Rate: 14.4 cps, Current: 4, 41
[03:50:17] [Server thread/INFO]: [Chunky] Task running for world. Processed: 6054 chunks (59.35%), ETA: 0:04:28, Rate: 15.5 cps, Current: 4, 49
[03:50:18] [Server thread/INFO]: [Chunky] Task running for world. Processed: 6075 chunks (59.55%), ETA: 0:04:27, Rate: 15.4 cps, Current: 4, 50
[03:50:19] [Server thread/INFO]: [Chunky] Task running for world. Processed: 6108 chunks (59.88%), ETA: 0:04:22, Rate: 15.6 cps, Current: 7, 48
[03:50:20] [Server thread/INFO]: [Chunky] Task running for world. Processed: 6147 chunks (60.26%), ETA: 0:04:10, Rate: 16.2 cps, Current: 12, 39
[03:50:21] [Server thread/INFO]: [Chunky] Task running for world. Processed: 6168 chunks (60.46%), ETA: 0:04:11, Rate: 16.0 cps, Current: 11, 42
[03:50:23] [Server thread/INFO]: [Chunky] Task running for world. Processed: 6206 chunks (60.84%), ETA: 0:04:09, Rate: 16.0 cps, Current: 11, 50
[03:50:24] [Server thread/INFO]: [Chunky] Task running for world. Processed: 6240 chunks (61.17%), ETA: 0:04:05, Rate: 16.1 cps, Current: 14, 47
[03:50:25] [Server thread/INFO]: [Chunky] Task running for world. Processed: 6264 chunks (61.41%), ETA: 0:04:05, Rate: 16.0 cps, Current: 15, 49
[03:50:26] [Server thread/INFO]: [Chunky] Task running for world. Processed: 6301 chunks (61.77%), ETA: 0:03:59, Rate: 16.3 cps, Current: 18, 42
[03:50:27] [Server thread/INFO]: [Chunky] Task running for world. Processed: 6335 chunks (62.10%), ETA: 0:03:56, Rate: 16.4 cps, Current: 19, 47
[03:50:28] [Server thread/INFO]: [Chunky] Task running for world. Processed: 6358 chunks (62.33%), ETA: 0:03:56, Rate: 16.3 cps, Current: 21, 42
[03:50:29] [Server thread/INFO]: [Chunky] Task running for world. Processed: 6394 chunks (62.68%), ETA: 0:03:52, Rate: 16.4 cps, Current: 24, 40
[03:50:30] [Server thread/INFO]: [Chunky] Task running for world. Processed: 6421 chunks (62.94%), ETA: 0:03:49, Rate: 16.5 cps, Current: 24, 45
[03:50:31] [Server thread/INFO]: [Chunky] Task running for world. Processed: 6453 chunks (63.26%), ETA: 0:03:48, Rate: 16.4 cps, Current: 25, 49
[03:50:33] [Server thread/INFO]: [Chunky] Task running for world. Processed: 6488 chunks (63.60%), ETA: 0:03:41, Rate: 16.8 cps, Current: 27, 48
[03:50:34] [Server thread/INFO]: [Chunky] Task running for world. Processed: 6511 chunks (63.83%), ETA: 0:03:42, Rate: 16.6 cps, Current: 28, 49
[03:50:35] [Server thread/INFO]: [Chunky] Task running for world. Processed: 6548 chunks (64.19%), ETA: 0:03:41, Rate: 16.5 cps, Current: 31, 42
[03:50:36] [Server thread/INFO]: [Chunky] Task running for world. Processed: 6572 chunks (64.43%), ETA: 0:03:39, Rate: 16.5 cps, Current: 34, 40
[03:50:37] [Server thread/INFO]: [Chunky] Task running for world. Processed: 6604 chunks (64.74%), ETA: 0:03:37, Rate: 16.6 cps, Current: 33, 48
[03:50:39] [Server thread/INFO]: [Chunky] Task running for world. Processed: 6616 chunks (64.86%), ETA: 0:03:43, Rate: 16.0 cps, Current: 34, 48
[03:50:41] [Server thread/INFO]: [Chunky] Task running for world. Processed: 6628 chunks (64.97%), ETA: 0:03:52, Rate: 15.4 cps, Current: 35, 48
[03:50:42] [Server thread/INFO]: [Chunky] Task running for world. Processed: 6640 chunks (65.09%), ETA: 0:03:57, Rate: 15.0 cps, Current: 37, 42
[03:50:43] [Server thread/INFO]: [Chunky] Task running for world. Processed: 6649 chunks (65.18%), ETA: 0:04:01, Rate: 14.7 cps, Current: 39, 38
[03:50:44] [Server thread/INFO]: [Chunky] Task running for world. Processed: 6664 chunks (65.33%), ETA: 0:03:58, Rate: 14.8 cps, Current: 39, 41
[03:50:45] [Server thread/INFO]: [Chunky] Task running for world. Processed: 6681 chunks (65.49%), ETA: 0:03:54, Rate: 15.0 cps, Current: 41, 32
[03:50:46] [Server thread/INFO]: [Chunky] Task running for world. Processed: 6694 chunks (65.62%), ETA: 0:03:58, Rate: 14.7 cps, Current: 41, 35
[03:50:48] [Server thread/INFO]: [Chunky] Task running for world. Processed: 6713 chunks (65.81%), ETA: 0:03:57, Rate: 14.7 cps, Current: 41, 44
[03:50:49] [Server thread/INFO]: [Chunky] Task running for world. Processed: 6735 chunks (66.02%), ETA: 0:03:57, Rate: 14.6 cps, Current: 43, 35
[03:50:50] [Server thread/INFO]: [Chunky] Task running for world. Processed: 6755 chunks (66.22%), ETA: 0:03:54, Rate: 14.7 cps, Current: 42, 50
[03:50:51] [Server thread/INFO]: [Chunky] Task running for world. Processed: 6776 chunks (66.42%), ETA: 0:03:52, Rate: 14.8 cps, Current: 45, 36
[03:50:52] [Server thread/INFO]: [Chunky] Task running for world. Processed: 6799 chunks (66.65%), ETA: 0:03:48, Rate: 14.9 cps, Current: 45, 48
[03:50:54] [Server thread/INFO]: [Chunky] Task running for world. Processed: 6820 chunks (66.86%), ETA: 0:03:46, Rate: 14.9 cps, Current: 46, 49
[03:50:55] [Server thread/INFO]: [Chunky] Task running for world. Processed: 6839 chunks (67.04%), ETA: 0:03:43, Rate: 15.0 cps, Current: 48, 37
[03:50:56] [Server thread/INFO]: [Chunky] Task running for world. Processed: 6849 chunks (67.14%), ETA: 0:03:48, Rate: 14.6 cps, Current: 48, 43
[03:50:57] [Server thread/INFO]: [Chunky] Task running for world. Processed: 6869 chunks (67.34%), ETA: 0:03:50, Rate: 14.5 cps, Current: 49, 40
[03:50:58] [Server thread/INFO]: [Chunky] Task running for world. Processed: 6885 chunks (67.49%), ETA: 0:03:53, Rate: 14.2 cps, Current: 49, 48
[03:50:59] [Server thread/INFO]: [Chunky] Task running for world. Processed: 6899 chunks (67.63%), ETA: 0:04:05, Rate: 13.5 cps, Current: 50, 41
[03:51:00] [Server thread/INFO]: [Chunky] Task running for world. Processed: 6904 chunks (67.68%), ETA: 0:04:11, Rate: 13.1 cps, Current: 50, 45
[03:51:01] [Server thread/INFO]: [Chunky] Task running for world. Processed: 6916 chunks (67.80%), ETA: 0:04:15, Rate: 12.9 cps, Current: 33, -40
[03:51:03] [Server thread/INFO]: [Chunky] Task running for world. Processed: 6934 chunks (67.97%), ETA: 0:04:28, Rate: 12.2 cps, Current: 35, -39
[03:51:04] [Server thread/INFO]: [Chunky] Task running for world. Processed: 6953 chunks (68.16%), ETA: 0:04:31, Rate: 12.0 cps, Current: 32, -44
[03:51:05] [Server thread/INFO]: [Chunky] Task running for world. Processed: 6973 chunks (68.36%), ETA: 0:04:31, Rate: 11.9 cps, Current: 35, -43
[03:51:07] [Server thread/INFO]: [Chunky] Task running for world. Processed: 6991 chunks (68.53%), ETA: 0:04:33, Rate: 11.7 cps, Current: 36, -49
[03:51:08] [Server thread/INFO]: [Chunky] Task running for world. Processed: 7015 chunks (68.77%), ETA: 0:04:17, Rate: 12.4 cps, Current: 38, -44
[03:51:09] [Server thread/INFO]: [Chunky] Task running for world. Processed: 7023 chunks (68.85%), ETA: 0:04:12, Rate: 12.6 cps, Current: 40, -33
[03:51:10] [Server thread/INFO]: [Chunky] Task running for world. Processed: 7043 chunks (69.04%), ETA: 0:04:06, Rate: 12.8 cps, Current: 39, -50
[03:51:11] [Server thread/INFO]: [Chunky] Task running for world. Processed: 7062 chunks (69.23%), ETA: 0:03:59, Rate: 13.1 cps, Current: 42, -33
[03:51:12] [Server thread/INFO]: [Chunky] Task running for world. Processed: 7087 chunks (69.47%), ETA: 0:03:46, Rate: 13.7 cps, Current: 43, -33
[03:51:13] [Server thread/INFO]: [Chunky] Task running for world. Processed: 7103 chunks (69.63%), ETA: 0:03:45, Rate: 13.8 cps, Current: 44, -33
[03:51:14] [Server thread/INFO]: [Chunky] Task running for world. Processed: 7114 chunks (69.74%), ETA: 0:03:45, Rate: 13.7 cps, Current: 45, -33
[03:51:15] [Server thread/INFO]: [Chunky] Task running for world. Processed: 7129 chunks (69.89%), ETA: 0:03:46, Rate: 13.6 cps, Current: 45, -38
[03:51:17] [Server thread/INFO]: [Chunky] Task running for world. Processed: 7148 chunks (70.07%), ETA: 0:03:45, Rate: 13.5 cps, Current: 46, -39
[03:51:18] [Server thread/INFO]: [Chunky] Task running for world. Processed: 7163 chunks (70.22%), ETA: 0:03:50, Rate: 13.2 cps, Current: 47, -36
[03:51:20] [Server thread/INFO]: [Chunky] Task running for world. Processed: 7179 chunks (70.38%), ETA: 0:03:53, Rate: 12.9 cps, Current: 47, -50
[03:51:21] [Server thread/INFO]: [Chunky] Task running for world. Processed: 7191 chunks (70.49%), ETA: 0:03:56, Rate: 12.7 cps, Current: 48, -45
[03:51:22] [Server thread/INFO]: [Chunky] Task running for world. Processed: 7203 chunks (70.61%), ETA: 0:04:06, Rate: 12.2 cps, Current: 48, -50
[03:51:23] [Server thread/INFO]: [Chunky] Task running for world. Processed: 7226 chunks (70.84%), ETA: 0:04:09, Rate: 11.9 cps, Current: 49, -50
[03:51:24] [Server thread/INFO]: [Chunky] Task running for world. Processed: 7228 chunks (70.86%), ETA: 0:04:23, Rate: 11.3 cps, Current: 50, -35
[03:51:26] [Server thread/INFO]: [Chunky] Task running for world. Processed: 7236 chunks (70.93%), ETA: 0:04:30, Rate: 10.9 cps, Current: 50, -36
[03:51:27] [Server thread/INFO]: [Chunky] Task running for world. Processed: 7256 chunks (71.13%), ETA: 0:04:27, Rate: 11.0 cps, Current: 50, -49
[03:51:28] [Server thread/INFO]: [Chunky] Task running for world. Processed: 7259 chunks (71.16%), ETA: 0:04:30, Rate: 10.9 cps, Current: 0, -40
[03:51:29] [Server thread/INFO]: [Chunky] Task running for world. Processed: 7277 chunks (71.34%), ETA: 0:04:23, Rate: 11.1 cps, Current: 2, -41
[03:51:30] [Server thread/INFO]: [Chunky] Task running for world. Processed: 7292 chunks (71.48%), ETA: 0:04:21, Rate: 11.1 cps, Current: 0, -41
[03:51:31] [Server thread/INFO]: [Chunky] Task running for world. Processed: 7328 chunks (71.84%), ETA: 0:04:01, Rate: 11.9 cps, Current: 2, -50
[03:51:32] [Server thread/INFO]: [Chunky] Task running for world. Processed: 7347 chunks (72.02%), ETA: 0:03:59, Rate: 11.9 cps, Current: 5, -40
[03:51:34] [Server thread/INFO]: [Chunky] Task running for world. Processed: 7380 chunks (72.35%), ETA: 0:03:53, Rate: 12.1 cps, Current: 8, -39
[03:51:35] [Server thread/INFO]: [Chunky] Task running for world. Processed: 7402 chunks (72.56%), ETA: 0:03:50, Rate: 12.1 cps, Current: 8, -41
[03:51:36] [Server thread/INFO]: [Chunky] Task running for world. Processed: 7422 chunks (72.76%), ETA: 0:03:48, Rate: 12.2 cps, Current: 9, -43
[03:51:37] [Server thread/INFO]: [Chunky] Task running for world. Processed: 7454 chunks (73.07%), ETA: 0:03:48, Rate: 12.0 cps, Current: 10, -49
[03:51:38] [Server thread/INFO]: [Chunky] Task running for world. Processed: 7481 chunks (73.34%), ETA: 0:03:38, Rate: 12.5 cps, Current: 10, -50
[03:51:39] [Server thread/INFO]: [Chunky] Task running for world. Processed: 7508 chunks (73.60%), ETA: 0:03:40, Rate: 12.2 cps, Current: 13, -49
[03:51:40] [Server thread/INFO]: [Chunky] Task running for world. Processed: 7543 chunks (73.94%), ETA: 0:03:35, Rate: 12.3 cps, Current: 17, -39
[03:51:41] [Server thread/INFO]: [Chunky] Task running for world. Processed: 7565 chunks (74.16%), ETA: 0:03:38, Rate: 12.1 cps, Current: 17, -43
[03:51:42] [Server thread/INFO]: [Chunky] Task running for world. Processed: 7596 chunks (74.46%), ETA: 0:03:34, Rate: 12.1 cps, Current: 19, -40
[03:51:43] [Server thread/INFO]: [Chunky] Task running for world. Processed: 7617 chunks (74.67%), ETA: 0:03:30, Rate: 12.3 cps, Current: 20, -41
[03:51:45] [Server thread/INFO]: [Chunky] Task running for world. Processed: 7650 chunks (74.99%), ETA: 0:03:23, Rate: 12.5 cps, Current: 22, -40
[03:51:46] [Server thread/INFO]: [Chunky] Task running for world. Processed: 7686 chunks (75.35%), ETA: 0:03:19, Rate: 12.6 cps, Current: 24, -40
[03:51:47] [Server thread/INFO]: [Chunky] Task running for world. Processed: 7707 chunks (75.55%), ETA: 0:03:16, Rate: 12.7 cps, Current: 24, -49
[03:51:49] [Server thread/INFO]: [Chunky] Task running for world. Processed: 7741 chunks (75.88%), ETA: 0:03:08, Rate: 13.0 cps, Current: 25, -49
[03:51:52] [Server thread/INFO]: [Chunky] Task running for world. Processed: 7832 chunks (76.78%), ETA: 0:02:50, Rate: 13.9 cps, Current: -31, -39
[03:51:53] [Server thread/INFO]: [Chunky] Task running for world. Processed: 7837 chunks (76.83%), ETA: 0:02:49, Rate: 14.0 cps, Current: -30, -47
[03:51:55] [Server thread/INFO]: [Chunky] Task running for world. Processed: 7887 chunks (77.32%), ETA: 0:02:34, Rate: 15.0 cps, Current: -28, -40
[03:51:56] [Server thread/INFO]: [Chunky] Task running for world. Processed: 7888 chunks (77.33%), ETA: 0:02:39, Rate: 14.5 cps, Current: -32, -42
[03:51:57] [Server thread/INFO]: [Chunky] Task running for world. Processed: 7926 chunks (77.70%), ETA: 0:02:29, Rate: 15.2 cps, Current: -27, -42
[03:51:58] [Server thread/INFO]: [Chunky] Task running for world. Processed: 7958 chunks (78.01%), ETA: 0:02:24, Rate: 15.5 cps, Current: -24, -39
[03:52:00] [Server thread/INFO]: [Chunky] Task running for world. Processed: 7992 chunks (78.35%), ETA: 0:02:18, Rate: 15.9 cps, Current: -22, -39
[03:52:01] [Server thread/INFO]: [Chunky] Task running for world. Processed: 8028 chunks (78.70%), ETA: 0:02:18, Rate: 15.7 cps, Current: -22, -49
[03:52:02] [Server thread/INFO]: [Chunky] Task running for world. Processed: 8065 chunks (79.06%), ETA: 0:02:13, Rate: 16.0 cps, Current: -19, -40
[03:52:03] [Server thread/INFO]: [Chunky] Task running for world. Processed: 8084 chunks (79.25%), ETA: 0:02:13, Rate: 15.8 cps, Current: -20, -50
[03:52:05] [Server thread/INFO]: [Chunky] Task running for world. Processed: 8120 chunks (79.60%), ETA: 0:02:09, Rate: 16.0 cps, Current: -17, -49
[03:52:06] [Server thread/INFO]: [Chunky] Task running for world. Processed: 8154 chunks (79.93%), ETA: 0:02:06, Rate: 16.2 cps, Current: -14, -40
[03:52:07] [Server thread/INFO]: [Chunky] Task running for world. Processed: 8175 chunks (80.14%), ETA: 0:02:07, Rate: 15.9 cps, Current: -13, -41
[03:52:08] [Server thread/INFO]: [Chunky] Task running for world. Processed: 8209 chunks (80.47%), ETA: 0:02:02, Rate: 16.2 cps, Current: -10, -39
[03:52:09] [Server thread/INFO]: [Chunky] Task running for world. Processed: 8226 chunks (80.64%), ETA: 0:02:03, Rate: 16.0 cps, Current: -11, -49
[03:52:10] [Server thread/INFO]: [Chunky] Task running for world. Processed: 8252 chunks (80.89%), ETA: 0:02:02, Rate: 15.9 cps, Current: -9, -45
[03:52:11] [Server thread/INFO]: [Chunky] Task running for world. Processed: 8281 chunks (81.18%), ETA: 0:02:00, Rate: 15.9 cps, Current: -7, -40
[03:52:12] [Server thread/INFO]: [Chunky] Task running for world. Processed: 8316 chunks (81.52%), ETA: 0:01:57, Rate: 16.1 cps, Current: -8, -50
[03:52:18] [Server thread/INFO]: [Chunky] Task running for world. Processed: 8384 chunks (82.19%), ETA: 0:02:01, Rate: 14.9 cps, Current: -49, -49
[03:52:21] [Server thread/INFO]: [Chunky] Task running for world. Processed: 8396 chunks (82.31%), ETA: 0:02:12, Rate: 13.6 cps, Current: -50, -48
[03:52:23] [Server thread/INFO]: [Chunky] Task running for world. Processed: 8434 chunks (82.68%), ETA: 0:02:01, Rate: 14.5 cps, Current: -47, -48
[03:52:24] [Server thread/INFO]: [Chunky] Task running for world. Processed: 8462 chunks (82.95%), ETA: 0:02:01, Rate: 14.4 cps, Current: -46, -50
[03:52:25] [Server thread/INFO]: [Chunky] Task running for world. Processed: 8475 chunks (83.08%), ETA: 0:01:55, Rate: 14.9 cps, Current: -45, -47
[03:52:27] [Server thread/INFO]: [Chunky] Task running for world. Processed: 8491 chunks (83.24%), ETA: 0:01:58, Rate: 14.4 cps, Current: -44, -49
[03:52:28] [Server thread/INFO]: [Chunky] Task running for world. Processed: 8513 chunks (83.45%), ETA: 0:01:56, Rate: 14.5 cps, Current: -43, -42
[03:52:29] [Server thread/INFO]: [Chunky] Task running for world. Processed: 8552 chunks (83.83%), ETA: 0:01:49, Rate: 15.1 cps, Current: -42, -47
[03:52:30] [Server thread/INFO]: [Chunky] Task running for world. Processed: 8587 chunks (84.18%), ETA: 0:01:45, Rate: 15.2 cps, Current: -40, -40
[03:52:31] [Server thread/INFO]: [Chunky] Task running for world. Processed: 8610 chunks (84.40%), ETA: 0:01:45, Rate: 15.1 cps, Current: -36, -39
[03:52:33] [Server thread/INFO]: [Chunky] Task running for world. Processed: 8708 chunks (85.36%), ETA: 0:01:28, Rate: 16.9 cps, Current: -50, -32
[03:52:35] [Server thread/INFO]: [Chunky] Task running for world. Processed: 8709 chunks (85.37%), ETA: 0:01:35, Rate: 15.6 cps, Current: -49, -32
[03:52:37] [Server thread/INFO]: [Chunky] Task running for world. Processed: 8710 chunks (85.38%), ETA: 0:01:43, Rate: 14.4 cps, Current: -50, -31
[03:52:41] [Server thread/INFO]: [Chunky] Task running for world. Processed: 8712 chunks (85.40%), ETA: 0:01:57, Rate: 12.7 cps, Current: -50, -30
[03:52:43] [Server thread/INFO]: [Chunky] Task running for world. Processed: 8714 chunks (85.42%), ETA: 0:02:01, Rate: 12.3 cps, Current: -50, -29
[03:52:44] [Server thread/INFO]: [Chunky] Task running for world. Processed: 8716 chunks (85.44%), ETA: 0:02:07, Rate: 11.6 cps, Current: -50, -28
[03:52:45] [Server thread/INFO]: [Chunky] Task running for world. Processed: 8723 chunks (85.51%), ETA: 0:02:09, Rate: 11.5 cps, Current: -50, -22
[03:52:46] [Server thread/INFO]: [Chunky] Task running for world. Processed: 8759 chunks (85.86%), ETA: 0:01:56, Rate: 12.3 cps, Current: -49, -13
[03:52:47] [Server thread/INFO]: [Chunky] Task running for world. Processed: 8772 chunks (85.99%), ETA: 0:01:56, Rate: 12.3 cps, Current: -49, -10
[03:52:49] [Server thread/INFO]: [Chunky] Task running for world. Processed: 8794 chunks (86.21%), ETA: 0:01:46, Rate: 13.2 cps, Current: -47, -31
[03:52:51] [Server thread/INFO]: [Chunky] Task running for world. Processed: 8828 chunks (86.54%), ETA: 0:01:41, Rate: 13.5 cps, Current: -46, -30
[03:52:53] [Server thread/INFO]: [Chunky] Task running for world. Processed: 8862 chunks (86.87%), ETA: 0:01:40, Rate: 13.3 cps, Current: -45, -29
[03:52:54] [Server thread/INFO]: [Chunky] Task running for world. Processed: 8894 chunks (87.19%), ETA: 0:01:38, Rate: 13.2 cps, Current: -45, -10
[03:52:55] [Server thread/INFO]: [Chunky] Task running for world. Processed: 8915 chunks (87.39%), ETA: 0:01:35, Rate: 13.5 cps, Current: -43, -32
[03:52:56] [Server thread/INFO]: [Chunky] Task running for world. Processed: 8936 chunks (87.60%), ETA: 0:01:31, Rate: 13.9 cps, Current: -43, -24
[03:52:57] [Server thread/INFO]: [Chunky] Task running for world. Processed: 9249 chunks (90.67%), ETA: 0:00:55, Rate: 17.2 cps, Current: -39, -32
[03:52:59] [Server thread/INFO]: [Chunky] Task running for world. Processed: 9284 chunks (91.01%), ETA: 0:00:53, Rate: 17.2 cps, Current: -50, 0
[03:53:00] [Server thread/INFO]: [Chunky] Task running for world. Processed: 9285 chunks (91.02%), ETA: 0:00:56, Rate: 16.3 cps, Current: -49, 0
[03:53:01] [Server thread/INFO]: [Chunky] Task running for world. Processed: 9286 chunks (91.03%), ETA: 0:00:58, Rate: 15.6 cps, Current: -50, 1
[03:53:04] [Server thread/INFO]: [Chunky] Task running for world. Processed: 9288 chunks (91.05%), ETA: 0:01:08, Rate: 13.4 cps, Current: -50, 2
[03:53:05] [Server thread/INFO]: [Chunky] Task running for world. Processed: 9290 chunks (91.07%), ETA: 0:01:04, Rate: 14.0 cps, Current: -50, 3
[03:53:07] [Server thread/INFO]: [Chunky] Task running for world. Processed: 9292 chunks (91.09%), ETA: 0:01:07, Rate: 13.4 cps, Current: -50, 4
[03:53:08] [Server thread/INFO]: [Chunky] Task running for world. Processed: 9311 chunks (91.28%), ETA: 0:00:58, Rate: 15.3 cps, Current: -49, 5
[03:53:09] [Server thread/INFO]: [Chunky] Task running for world. Processed: 9336 chunks (91.52%), ETA: 0:00:55, Rate: 15.6 cps, Current: -49, 20
[03:53:10] [Server thread/INFO]: [Chunky] Task running for world. Processed: 9367 chunks (91.82%), ETA: 0:00:51, Rate: 16.1 cps, Current: -49, 31
[03:53:11] [Server thread/INFO]: [Chunky] Task running for world. Processed: 9374 chunks (91.89%), ETA: 0:00:50, Rate: 16.3 cps, Current: -48, 23
[03:53:12] [Server thread/INFO]: [Chunky] Task running for world. Processed: 9404 chunks (92.19%), ETA: 0:00:47, Rate: 16.7 cps, Current: -47, 22
[03:53:13] [Server thread/INFO]: [Chunky] Task running for world. Processed: 9429 chunks (92.43%), ETA: 0:00:43, Rate: 17.7 cps, Current: -46, 18
[03:53:15] [Server thread/INFO]: [Chunky] Task running for world. Processed: 9442 chunks (92.56%), ETA: 0:00:42, Rate: 17.8 cps, Current: -46, 25
[03:53:16] [Server thread/INFO]: [Chunky] Task running for world. Processed: 9467 chunks (92.80%), ETA: 0:00:42, Rate: 17.4 cps, Current: -44, 4
[03:53:17] [Server thread/INFO]: [Chunky] Task running for world. Processed: 9489 chunks (93.02%), ETA: 0:00:40, Rate: 17.6 cps, Current: -43, 0
[03:53:18] [Server thread/INFO]: [Chunky] Task running for world. Processed: 9512 chunks (93.25%), ETA: 0:00:38, Rate: 17.9 cps, Current: -43, 10
[03:53:19] [Server thread/INFO]: [Chunky] Task running for world. Processed: 9823 chunks (96.29%), ETA: 0:00:17, Rate: 21.4 cps, Current: -39, 0
[03:53:21] [Server thread/INFO]: [Chunky] Task running for world. Processed: 9860 chunks (96.66%), ETA: 0:00:15, Rate: 21.8 cps, Current: -50, 32
[03:53:22] [Server thread/INFO]: [Chunky] Task running for world. Processed: 9861 chunks (96.67%), ETA: 0:00:15, Rate: 21.3 cps, Current: -49, 32
[03:53:23] [Server thread/INFO]: [Chunky] Task running for world. Processed: 9863 chunks (96.69%), ETA: 0:00:16, Rate: 20.6 cps, Current: -49, 33
[03:53:24] [Server thread/INFO]: [Chunky] Task running for world. Processed: 9865 chunks (96.71%), ETA: 0:00:16, Rate: 20.1 cps, Current: -49, 34
[03:53:25] [Server thread/INFO]: [Chunky] Task running for world. Processed: 9877 chunks (96.82%), ETA: 0:00:16, Rate: 19.9 cps, Current: -49, 43
[03:53:26] [Server thread/INFO]: [Chunky] Task running for world. Processed: 9887 chunks (96.92%), ETA: 0:00:16, Rate: 19.6 cps, Current: -50, 41
[03:53:27] [Server thread/INFO]: [Chunky] Task running for world. Processed: 9915 chunks (97.20%), ETA: 0:00:16, Rate: 17.8 cps, Current: -48, 45
[03:53:28] [Server thread/INFO]: [Chunky] Task running for world. Processed: 9937 chunks (97.41%), ETA: 0:00:16, Rate: 15.6 cps, Current: -46, 37
[03:53:29] [Server thread/INFO]: [Chunky] Task running for world. Processed: 9954 chunks (97.58%), ETA: 0:00:15, Rate: 16.4 cps, Current: -46, 46
[03:53:30] [Server thread/INFO]: [Chunky] Task running for world. Processed: 9982 chunks (97.85%), ETA: 0:00:12, Rate: 17.4 cps, Current: -43, 35
[03:53:31] [Server thread/INFO]: [Chunky] Task running for world. Processed: 10009 chunks (98.12%), ETA: 0:00:09, Rate: 19.5 cps, Current: -44, 48
[03:53:32] [Server thread/INFO]: [Chunky] Task running for world. Processed: 10047 chunks (98.49%), ETA: 0:00:07, Rate: 19.8 cps, Current: -41, 39
[03:53:33] [Server thread/INFO]: [Chunky] Task running for world. Processed: 10083 chunks (98.84%), ETA: 0:00:05, Rate: 19.9 cps, Current: -40, 40
[03:53:35] [Server thread/INFO]: [Chunky] Task running for world. Processed: 10109 chunks (99.10%), ETA: 0:00:04, Rate: 20.4 cps, Current: -41, 50
[03:53:36] [Server thread/INFO]: [Chunky] Task running for world. Processed: 10197 chunks (99.96%), ETA: 0:00:00, Rate: 23.1 cps, Current: -37, 50
[03:53:36] [Server thread/INFO]: [Chunky] Task finished for world. Processed: 10201 chunks (100.00%), Total time: 0:04:47
[03:54:03] [Server thread/INFO]: SCAPT0R has made the advancement [Acquire Hardware]
[03:54:33] [Server thread/INFO]: SCAPT0R issued server command: /chunky progress
