[03:26:11] [ServerMain/INFO]: [bootstrap] Running Java 21 (OpenJDK 64-Bit Server VM 21.0.5+11-Ubuntu-1ubuntu120.04; Ubuntu null) on Linux 6.5.0-1025-azure (amd64)
[03:26:11] [ServerMain/INFO]: [bootstrap] Loading Paper 1.21.1-57-master@b483da4 (2024-09-01T18:09:05Z) for Minecraft 1.21.1
[03:26:11] [ServerMain/INFO]: [PluginInitializerManager] Initializing plugins...
[03:26:11] [ServerMain/INFO]: [PluginInitializerManager] Initialized 0 plugins
[03:26:13] [Paper Plugin Remapper Thread - 1/INFO]: [ReobfServer] Remapping server...
[03:26:23] [ServerMain/INFO]: Environment: Environment[sessionHost=https://sessionserver.mojang.com, servicesHost=https://api.minecraftservices.com, name=PROD]
[03:26:24] [ServerMain/INFO]: Found new data pack file/bukkit, loading it automatically
[03:26:24] [ServerMain/INFO]: Found new data pack paper, loading it automatically
[03:26:26] [ServerMain/INFO]: No existing world data, creating new world
[03:26:28] [ServerMain/INFO]: Loaded 1290 recipes
[03:26:29] [ServerMain/INFO]: Loaded 1399 advancements
[03:26:29] [Server thread/INFO]: Starting minecraft server version 1.21.1
[03:26:29] [Server thread/INFO]: Loading properties
[03:26:29] [Server thread/INFO]: This server is running Paper version 1.21.1-57-master@b483da4 (2024-09-01T18:09:05Z) (Implementing API version 1.21.1-R0.1-SNAPSHOT)
[03:26:30] [Paper Plugin Remapper Thread - 1/INFO]: [ReobfServer] Done remapping server in 16564ms.
[03:26:31] [Server thread/INFO]: [spark] This server bundles the spark profiler. For more information please visit https://docs.papermc.io/paper/profiling
[03:26:31] [Server thread/INFO]: Server Ping Player Sample Count: 12
[03:26:31] [Server thread/INFO]: Using 4 threads for Netty based IO
[03:26:32] [Server thread/INFO]: [ChunkTaskScheduler] Chunk system is using 1 I/O threads, 1 worker threads, and population gen parallelism of 1 threads
[03:26:32] [Server thread/INFO]: Default game type: SURVIVAL
[03:26:32] [Server thread/INFO]: Generating keypair
[03:26:32] [Server thread/INFO]: Starting Minecraft server on *:25565
[03:26:33] [Server thread/INFO]: Using epoll channel type
[03:26:33] [Server thread/INFO]: Paper: Using libdeflate (Linux x86_64) compression from Velocity.
[03:26:33] [Server thread/INFO]: Paper: Using OpenSSL 1.1.x (Linux x86_64) cipher from Velocity.
[03:26:33] [Server thread/WARN]: **** SERVER IS RUNNING IN OFFLINE/INSECURE MODE!
[03:26:33] [Server thread/WARN]: The server will make no attempt to authenticate usernames. Beware.
[03:26:33] [Server thread/WARN]: While this makes the game possible to play without internet access, it also opens up the ability for hackers to connect with any username they choose.
[03:26:33] [Server thread/WARN]: To change this, set "online-mode" to "true" in the server.properties file.
[03:26:33] [Server thread/INFO]: Preparing level "world"
[03:26:51] [Server thread/INFO]: Preparing start region for dimension minecraft:overworld
[03:27:05] [Server thread/INFO]: Time elapsed: 13468 ms
[03:27:05] [Server thread/INFO]: Preparing start region for dimension minecraft:the_nether
[03:27:08] [Server thread/INFO]: Time elapsed: 3046 ms
[03:27:08] [Server thread/INFO]: Preparing start region for dimension minecraft:the_end
[03:27:09] [Server thread/INFO]: Time elapsed: 988 ms
[03:27:09] [Server thread/INFO]: [spark] Starting background profiler...
[03:27:09] [Server thread/INFO]: Done preparing level "world" (36.361s)
[03:27:09] [Server thread/INFO]: Running delayed init tasks
[03:27:09] [Server thread/INFO]: Done (59.452s)! For help, type "help"
[03:27:09] [Server thread/INFO]: *************************************************************************************
[03:27:09] [Server thread/INFO]: This is the first time you're starting this server.
[03:27:09] [Server thread/INFO]: It's recommended you read our 'Getting Started' documentation for guidance.
[03:27:09] [Server thread/INFO]: View this and more helpful information here: https://docs.papermc.io/paper/next-steps
[03:27:09] [Server thread/INFO]: *************************************************************************************
[03:27:09] [Server thread/INFO]: Timings Reset
[03:27:25] [Server thread/INFO]: CONSOLE: Are you sure you wish to reload your server? Doing so may cause bugs and memory leaks. It is recommended to restart instead of using /reload. To confirm, please type /reload confirm
[03:27:31] [Server thread/INFO]: CONSOLE: Please note that this command is not supported and may cause issues when using some plugins.
[03:27:31] [Server thread/INFO]: CONSOLE: If you encounter any issues please use the /stop command to restart your server.
[03:27:31] [Server thread/INFO]: Server Ping Player Sample Count: 12
[03:27:31] [Server thread/INFO]: Using 4 threads for Netty based IO
[03:27:32] [Server thread/INFO]: Loaded 1290 recipes
[03:27:32] [Server thread/INFO]: Loaded 1399 advancements
[03:27:32] [Server thread/INFO]: [PluginInitializerManager] Initializing plugins...
[03:27:32] [Server thread/INFO]: [PluginInitializerManager] Initialized 0 plugins
[03:27:32] [Server thread/INFO]: Server permissions file permissions.yml is empty, ignoring it
[03:27:32] [Server thread/INFO]: CONSOLE: Reload complete.
[03:27:32] [Server thread/INFO]: Timings Reset
[03:28:49] [Server thread/INFO]: CONSOLE: Please note that this command is not supported and may cause issues when using some plugins.
[03:28:49] [Server thread/INFO]: CONSOLE: If you encounter any issues please use the /stop command to restart your server.
[03:28:49] [Server thread/INFO]: Server Ping Player Sample Count: 12
[03:28:49] [Server thread/INFO]: Using 4 threads for Netty based IO
[03:28:50] [Server thread/INFO]: Loaded 1290 recipes
[03:28:50] [Server thread/INFO]: Loaded 1399 advancements
[03:28:50] [Server thread/INFO]: [PluginInitializerManager] Initializing plugins...
[03:28:50] [Server thread/INFO]: [PluginInitializerManager] Initialized 0 plugins
[03:28:50] [Server thread/INFO]: Server permissions file permissions.yml is empty, ignoring it
[03:28:50] [Server thread/INFO]: CONSOLE: Reload complete.
[03:28:50] [Server thread/INFO]: Timings Reset
[03:28:56] [User Authenticator #0/INFO]: UUID of player SCAPT0R is bd7aa62b-13d5-3e3c-8185-97b35609333c
[03:28:58] [Server thread/INFO]: SCAPT0R joined the game
[03:28:58] [Server thread/INFO]: SCAPT0R[/127.180.183.78:60087] logged in with entity id 23 at ([world]-46.5, 97.0, 172.5)
[03:29:12] [Server thread/INFO]: SCAPT0R issued server command: /plugins
[03:29:30] [Server thread/INFO]: [STDOUT] [org.spigotmc.RestartCommand] Startup script './start.sh' does not exist! Stopping server.
[03:29:30] [Server thread/INFO]: SCAPT0R lost connection: Server is restarting
[03:29:30] [Server thread/INFO]: SCAPT0R left the game
[03:29:30] [Server thread/INFO]: Stopping server
[03:29:30] [Server thread/INFO]: Saving players
[03:29:30] [Server thread/INFO]: Saving worlds
[03:29:30] [Server thread/INFO]: Saving chunks for level 'ServerLevel[world]'/minecraft:overworld
[03:29:30] [Server thread/INFO]: [ChunkHolderManager] Waiting 60s for chunk system to halt for world 'world'
[03:29:30] [Server thread/INFO]: [ChunkHolderManager] Halted chunk system for world 'world'
[03:29:30] [Server thread/INFO]: [ChunkHolderManager] Saving all chunkholders for world 'world'
[03:29:33] [Server thread/INFO]: [ChunkHolderManager] Saved 1743 block chunks, 235 entity chunks, 5 poi chunks in world 'world' in 3.04s
[03:29:33] [Server thread/INFO]: Saving chunks for level 'ServerLevel[world_nether]'/minecraft:the_nether
[03:29:33] [Server thread/INFO]: [ChunkHolderManager] Waiting 60s for chunk system to halt for world 'world_nether'
[03:29:33] [Server thread/INFO]: [ChunkHolderManager] Halted chunk system for world 'world_nether'
[03:29:33] [Server thread/INFO]: [ChunkHolderManager] Saving all chunkholders for world 'world_nether'
[03:29:34] [Server thread/INFO]: [ChunkHolderManager] Saved 841 block chunks, 49 entity chunks, 0 poi chunks in world 'world_nether' in 0.60s
[03:29:34] [Server thread/INFO]: Saving chunks for level 'ServerLevel[world_the_end]'/minecraft:the_end
[03:29:34] [Server thread/INFO]: [ChunkHolderManager] Waiting 60s for chunk system to halt for world 'world_the_end'
[03:29:34] [Server thread/INFO]: [ChunkHolderManager] Halted chunk system for world 'world_the_end'
[03:29:34] [Server thread/INFO]: [ChunkHolderManager] Saving all chunkholders for world 'world_the_end'
[03:29:34] [Server thread/INFO]: [ChunkHolderManager] Saved 841 block chunks, 49 entity chunks, 0 poi chunks in world 'world_the_end' in 0.37s
[03:29:34] [Server thread/INFO]: ThreadedAnvilChunkStorage (world): All chunks are saved
[03:29:34] [Server thread/INFO]: ThreadedAnvilChunkStorage (DIM-1): All chunks are saved
[03:29:34] [Server thread/INFO]: ThreadedAnvilChunkStorage (DIM1): All chunks are saved
[03:29:34] [Server thread/INFO]: ThreadedAnvilChunkStorage: All dimensions are saved
